<?xml version="1.0" encoding="utf-8"?><testsuites name="pytest tests"><testsuite name="pytest" errors="0" failures="0" skipped="0" tests="14" time="2.214" timestamp="2026-06-13T20:20:27.195933+00:00" hostname="agent-env-035d30bb-a2db-4d85-86b9-bfd0b4e5e386"><testcase classname="backend.tests.test_veyron_wynette_validate_cart" name="test_validate_cart_veyron_noir_tier[silver-1450]" time="0.267" /><testcase classname="backend.tests.test_veyron_wynette_validate_cart" name="test_validate_cart_veyron_noir_tier[gold10k-3500]" time="0.136" /><testcase classname="backend.tests.test_veyron_wynette_validate_cart" name="test_validate_cart_veyron_noir_tier[gold14k-5000]" time="0.143" /><testcase classname="backend.tests.test_veyron_wynette_validate_cart" name="test_validate_cart_veyron_noir_tier[gold18k-7000]" time="0.158" /><testcase classname="backend.tests.test_veyron_wynette_validate_cart" name="test_validate_cart_battenti_silver_control" time="0.105" /><testcase classname="backend.tests.test_veyron_wynette_validate_cart" name="test_validate_cart_wynette_palette_tier[silver]" time="0.238" /><testcase classname="backend.tests.test_veyron_wynette_validate_cart" name="test_validate_cart_wynette_palette_tier[gold10k]" time="0.249" /><testcase classname="backend.tests.test_veyron_wynette_validate_cart" name="test_validate_cart_wynette_palette_tier[gold14k]" time="0.211" /><testcase classname="backend.tests.test_veyron_wynette_validate_cart" name="test_validate_cart_uncle_jo_tier[silver_amethyst_synthetic-1100]" time="0.105" /><testcase classname="backend.tests.test_veyron_wynette_validate_cart" name="test_validate_cart_uncle_jo_tier[silver_sapphire_genuine-1450]" time="0.102" /><testcase classname="backend.tests.test_veyron_wynette_validate_cart" name="test_validate_cart_uncle_jo_tier[gold14k_sapphire_genuine-3900]" time="0.105" /><testcase classname="backend.tests.test_veyron_wynette_validate_cart" name="test_validate_cart_uncle_jo_tier[gold18k_sapphire_genuine-5400]" time="0.096" /><testcase classname="backend.tests.test_veyron_wynette_validate_cart" name="test_validate_cart_mixed_cart_veyron_plus_uncle_jo" time="0.096" /><testcase classname="backend.tests.test_veyron_wynette_validate_cart" name="test_validate_cart_rejects_wrong_price" time="0.134" /></testsuite></testsuites>