<?xml version="1.0" encoding="utf-8"?><testsuites name="pytest tests"><testsuite name="pytest" errors="0" failures="0" skipped="0" tests="32" time="0.500" timestamp="2026-09-05T17:21:35.184883+00:00" hostname="agent-env-035d30bb-a2db-4d85-86b9-bfd0b4e5e386"><testcase classname="tests.test_retention_behavioral" name="test_anonymous_view_does_not_create_pending" time="0.007" /><testcase classname="tests.test_retention_behavioral" name="test_identified_view_creates_pending_browse" time="0.001" /><testcase classname="tests.test_retention_behavioral" name="test_like_supersedes_view" time="0.001" /><testcase classname="tests.test_retention_behavioral" name="test_add_supersedes_like_and_view" time="0.001" /><testcase classname="tests.test_retention_behavioral" name="test_checkout_supersedes_cart" time="0.001" /><testcase classname="tests.test_retention_behavioral" name="test_purchase_cancels_all_pending_for_product_and_checkout" time="0.001" /><testcase classname="tests.test_retention_behavioral" name="test_duplicate_events_do_not_duplicate_pending" time="0.001" /><testcase classname="tests.test_retention_behavioral" name="test_unliked_cancels_wishlist_only" time="0.001" /><testcase classname="tests.test_retention_behavioral" name="test_not_eligible_without_consent" time="0.000" /><testcase classname="tests.test_retention_behavioral" name="test_grant_then_eligible" time="0.000" /><testcase classname="tests.test_retention_behavioral" name="test_unsubscribe_supersedes_consent" time="0.000" /><testcase classname="tests.test_retention_behavioral" name="test_invalid_email_never_eligible" time="0.001" /><testcase classname="tests.test_retention_behavioral" name="test_unsub_cancels_pending" time="0.001" /><testcase classname="tests.test_retention_behavioral" name="test_unsub_token_roundtrip" time="0.000" /><testcase classname="tests.test_retention_behavioral" name="test_unsub_token_fuzz_roundtrip" time="0.003" /><testcase classname="tests.test_retention_behavioral" name="test_tick_skips_when_earliest_send_at_in_future" time="0.043" /><testcase classname="tests.test_retention_behavioral" name="test_tick_sends_in_simulation_when_due" time="0.001" /><testcase classname="tests.test_retention_behavioral" name="test_tick_respects_daily_frequency_cap" time="0.001" /><testcase classname="tests.test_retention_behavioral" name="test_tick_suppresses_when_unsubscribed" time="0.001" /><testcase classname="tests.test_retention_behavioral" name="test_tick_purchase_cancels_before_send" time="0.001" /><testcase classname="tests.test_retention_behavioral" name="test_anonymous_event_has_expiry_and_binding_unsets" time="0.000" /><testcase classname="tests.test_retention_behavioral" name="test_email_builder_never_uses_scarcity_or_urgency" time="0.000" /><testcase classname="tests.test_retention_behavioral" name="test_email_builder_omits_price_and_image_when_absent" time="0.000" /><testcase classname="tests.test_retention_behavioral" name="test_email_builder_includes_unsub_link" time="0.000" /><testcase classname="tests.test_retention_behavioral" name="test_email_builder_rejects_unsafe_image_urls" time="0.000" /><testcase classname="tests.test_retention_behavioral" name="test_email_builder_never_leaks_internal_fields" time="0.000" /><testcase classname="tests.test_retention_behavioral" name="test_public_events_endpoint_rejects_email_key" time="0.398" /><testcase classname="tests.test_retention_behavioral" name="test_public_events_endpoint_accepts_minimal_body" time="0.003" /><testcase classname="tests.test_retention_behavioral" name="test_public_events_endpoint_rejects_invalid_event_type" time="0.001" /><testcase classname="tests.test_retention_behavioral" name="test_admin_retention_requires_auth" time="0.002" /><testcase classname="tests.test_retention_behavioral" name="test_admin_retention_tick_with_admin_returns_report" time="0.003" /><testcase classname="tests.test_retention_behavioral" name="test_admin_retention_preview_404" time="0.003" /></testsuite></testsuites>