<?xml version="1.0" encoding="utf-8"?><testsuites name="pytest tests"><testsuite name="pytest" errors="0" failures="0" skipped="0" tests="23" time="0.396" timestamp="2026-09-05T14:31:20.246040+00:00" hostname="agent-env-035d30bb-a2db-4d85-86b9-bfd0b4e5e386"><testcase classname="tests.test_customer_experience_phase" name="test_shipment_email_builder_includes_expected_fields" time="0.042" /><testcase classname="tests.test_customer_experience_phase" name="test_shipment_email_excludes_internal_details" time="0.000" /><testcase classname="tests.test_customer_experience_phase" name="test_shipment_email_strips_unsafe_tracking_url" time="0.000" /><testcase classname="tests.test_customer_experience_phase" name="test_admin_mark_shipped_requires_auth" time="0.314" /><testcase classname="tests.test_customer_experience_phase" name="test_admin_mark_shipped_rejects_bad_token" time="0.001" /><testcase classname="tests.test_customer_experience_phase" name="test_admin_mark_shipped_endpoint_registered" time="0.002" /><testcase classname="tests.test_customer_experience_phase" name="test_admin_mark_shipped_rejects_extra_fields" time="0.001" /><testcase classname="tests.test_customer_experience_phase" name="test_mark_shipped_first_call_sends_email_second_is_noop" time="0.001" /><testcase classname="tests.test_customer_experience_phase" name="test_mark_shipped_rejects_unpaid_order" time="0.000" /><testcase classname="tests.test_customer_experience_phase" name="test_order_status_rejects_missing_token" time="0.001" /><testcase classname="tests.test_customer_experience_phase" name="test_order_status_rejects_invalid_token" time="0.003" /><testcase classname="tests.test_customer_experience_phase" name="test_order_status_default_dispatch_estimate" time="0.001" /><testcase classname="tests.test_customer_experience_phase" name="test_order_status_surfaces_tracking_when_shipped" time="0.000" /><testcase classname="tests.test_customer_experience_phase" name="test_order_status_does_not_leak_internal_fields" time="0.000" /><testcase classname="tests.test_customer_experience_phase" name="test_paid_email_embeds_secure_order_status_link" time="0.000" /><testcase classname="tests.test_customer_experience_phase" name="test_shipment_email_embeds_secure_order_status_link" time="0.000" /><testcase classname="tests.test_customer_experience_phase" name="test_emails_hide_order_status_cta_when_token_absent" time="0.000" /><testcase classname="tests.test_customer_experience_phase" name="test_email_status_link_only_uses_http_base" time="0.000" /><testcase classname="tests.test_customer_experience_phase" name="test_email_cta_does_not_leak_internal_fields" time="0.000" /><testcase classname="tests.test_customer_experience_phase" name="test_admin_get_order_requires_auth" time="0.001" /><testcase classname="tests.test_customer_experience_phase" name="test_admin_get_order_returns_404_when_missing" time="0.002" /><testcase classname="tests.test_customer_experience_phase" name="test_admin_get_order_never_returns_secret_fields" time="0.001" /><testcase classname="tests.test_customer_experience_phase" name="test_status_endpoint_still_verifies_hash_after_email_token_stored" time="0.002" /></testsuite></testsuites>