<?xml version="1.0" encoding="utf-8"?><testsuites name="pytest tests"><testsuite name="pytest" errors="0" failures="0" skipped="1" tests="17" time="3.325" timestamp="2026-09-05T17:57:28.312496+00:00" hostname="agent-env-035d30bb-a2db-4d85-86b9-bfd0b4e5e386"><testcase classname="tests.test_retention_cron_scope" name="test_tick_with_admin_jwt" time="0.925" /><testcase classname="tests.test_retention_cron_scope" name="test_tick_with_cron_header" time="0.122" /><testcase classname="tests.test_retention_cron_scope" name="test_tick_no_auth" time="0.109" /><testcase classname="tests.test_retention_cron_scope" name="test_tick_cron_env_unset" time="0.000"><skipped type="pytest.skip" message="Cannot unset env on running server; covered by backend unit tests.">/app/backend/tests/test_retention_cron_scope.py:94: Cannot unset env on running server; covered by backend unit tests.</skipped></testcase><testcase classname="tests.test_retention_cron_scope" name="test_tick_wrong_cron" time="0.114" /><testcase classname="tests.test_retention_cron_scope" name="test_cron_header_rejected_on_other_admin[GET-/admin/retention/pending]" time="0.100" /><testcase classname="tests.test_retention_cron_scope" name="test_cron_header_rejected_on_other_admin[GET-/admin/retention/send-log]" time="0.134" /><testcase classname="tests.test_retention_cron_scope" name="test_cron_header_rejected_on_other_admin[GET-/admin/retention/config]" time="0.133" /><testcase classname="tests.test_retention_cron_scope" name="test_cron_header_rejected_on_other_admin[GET-/admin/retention/preview/nonexistent-id]" time="0.152" /><testcase classname="tests.test_retention_cron_scope" name="test_cron_header_rejected_on_other_admin[POST-/admin/retention/consent]" time="0.105" /><testcase classname="tests.test_retention_cron_scope" name="test_cron_header_rejected_on_other_admin[GET-/admin/orders/PHI-NONE]" time="0.180" /><testcase classname="tests.test_retention_cron_scope" name="test_cron_header_rejected_on_other_admin[POST-/admin/orders/PHI-NONE/mark-shipped]" time="0.116" /><testcase classname="tests.test_retention_cron_scope" name="test_cron_header_rejected_on_other_admin[GET-/admin/stats]" time="0.110" /><testcase classname="tests.test_retention_cron_scope" name="test_tick_idempotent" time="0.246" /><testcase classname="tests.test_retention_cron_scope" name="test_secret_never_in_responses" time="0.485" /><testcase classname="tests.test_retention_cron_scope" name="test_config_no_cron_secret_field" time="0.109" /><testcase classname="tests.test_retention_cron_scope" name="test_live_off_default" time="0.129" /></testsuite></testsuites>