<?xml version="1.0" encoding="utf-8"?><testsuites name="pytest tests"><testsuite name="pytest" errors="0" failures="0" skipped="0" tests="74" time="13.319" timestamp="2026-09-07T01:58:33.426111+00:00" hostname="agent-env-035d30bb-a2db-4d85-86b9-bfd0b4e5e386"><testcase classname="tests.test_return_emails" name="test_all_six_templates_render_and_contain_customer_and_rma" time="0.039" /><testcase classname="tests.test_return_emails" name="test_no_internal_leaks_in_any_template" time="0.000" /><testcase classname="tests.test_return_emails" name="test_refund_approved_never_claims_money_issued" time="0.000" /><testcase classname="tests.test_return_emails" name="test_refund_issued_uses_correct_timing_copy" time="0.000" /><testcase classname="tests.test_return_emails" name="test_denied_email_can_carry_public_reason_but_no_admin_notes" time="0.000" /><testcase classname="tests.test_return_emails" name="test_authorized_email_includes_return_instructions_when_present" time="0.000" /><testcase classname="tests.test_return_emails" name="test_authorized_email_omits_instructions_block_when_absent" time="0.000" /><testcase classname="tests.test_return_emails" name="test_dispatch_idempotent_second_call_is_skipped" time="0.001" /><testcase classname="tests.test_return_emails" name="test_dispatch_send_failure_leaves_flag_unset" time="0.000" /><testcase classname="tests.test_return_emails" name="test_dispatch_invalid_stage_returns_error" time="0.000" /><testcase classname="tests.test_return_emails" name="test_dispatch_no_recipient_skips" time="0.000" /><testcase classname="tests.test_returns_operations" name="test_classify_gold_variants" time="0.001" /><testcase classname="tests.test_returns_operations" name="test_classify_silver_final_sale" time="0.000" /><testcase classname="tests.test_returns_operations" name="test_classify_custom_and_flags" time="0.000" /><testcase classname="tests.test_returns_operations" name="test_classify_unknown_when_insufficient_metadata" time="0.000" /><testcase classname="tests.test_returns_operations" name="test_eligibility_happy_path_within_window" time="0.000" /><testcase classname="tests.test_returns_operations" name="test_eligibility_outside_window" time="0.000" /><testcase classname="tests.test_returns_operations" name="test_eligibility_silver_final_sale" time="0.000" /><testcase classname="tests.test_returns_operations" name="test_eligibility_delivery_date_unverified_routes_owner_review" time="0.000" /><testcase classname="tests.test_returns_operations" name="test_eligibility_shipped_at_is_NOT_a_delivery_date_substitute" time="0.000" /><testcase classname="tests.test_returns_operations" name="test_eligibility_owner_verified_delivery_at_supersedes_missing_delivered_at" time="0.000" /><testcase classname="tests.test_returns_operations" name="test_eligibility_unpaid_blocks" time="0.000" /><testcase classname="tests.test_returns_operations" name="test_eligibility_already_refunded_blocks" time="0.000" /><testcase classname="tests.test_returns_operations" name="test_refund_calculation_uses_original_snapshot" time="0.000" /><testcase classname="tests.test_returns_operations" name="test_warranty_reasons_route_to_warranty" time="0.000" /><testcase classname="tests.test_returns_operations" name="test_state_machine_transitions" time="0.000" /><testcase classname="tests.test_returns_operations" name="test_rma_number_format_and_uniqueness" time="0.000" /><testcase classname="tests.test_returns_operations" name="test_customer_request_creates_case" time="0.382" /><testcase classname="tests.test_returns_operations" name="test_customer_request_invalid_token_403" time="0.001" /><testcase classname="tests.test_returns_operations" name="test_customer_request_warranty_routes_to_review" time="0.139" /><testcase classname="tests.test_returns_operations" name="test_customer_request_duplicate_active_rma_blocked" time="0.001" /><testcase classname="tests.test_returns_operations" name="test_customer_request_silver_denied_immediately" time="0.144" /><testcase classname="tests.test_returns_operations" name="test_admin_authorize_flow" time="0.299" /><testcase classname="tests.test_returns_operations" name="test_admin_full_happy_path" time="0.619" /><testcase classname="tests.test_returns_operations" name="test_admin_deny_flow" time="0.305" /><testcase classname="tests.test_returns_operations" name="test_admin_inspect_fail_then_deny" time="0.606" /><testcase classname="tests.test_returns_operations" name="test_refund_blocked_on_historical_order" time="0.001" /><testcase classname="tests.test_returns_operations" name="test_refund_wrong_state_blocked" time="0.000" /><testcase classname="tests.test_returns_operations" name="test_double_refund_protection" time="0.000" /><testcase classname="tests.test_returns_operations" name="test_verify_delivery_recomputes_eligibility" time="0.164" /><testcase classname="tests.test_returns_operations" name="test_admin_get_returns_case_and_audit" time="0.152" /><testcase classname="tests.test_returns_operations" name="test_admin_list_invalid_status_400" time="0.000" /><testcase classname="tests.test_returns_operations" name="test_admin_list_returns_serialization_omits_secrets" time="0.141" /><testcase classname="tests.test_returns_operations" name="test_forbid_extra_fields" time="0.000" /><testcase classname="tests.test_returns_operations_e2e" name="test_admin_returns_requires_auth" time="0.318" /><testcase classname="tests.test_returns_operations_e2e" name="test_admin_returns_bad_token" time="0.158" /><testcase classname="tests.test_returns_operations_e2e" name="test_admin_returns_ok_with_valid_jwt" time="0.170" /><testcase classname="tests.test_returns_operations_e2e" name="test_admin_returns_invalid_status_400" time="0.123" /><testcase classname="tests.test_returns_operations_e2e" name="test_admin_returns_all_valid_tabs[new]" time="0.140" /><testcase classname="tests.test_returns_operations_e2e" name="test_admin_returns_all_valid_tabs[under_review]" time="0.119" /><testcase classname="tests.test_returns_operations_e2e" name="test_admin_returns_all_valid_tabs[authorized]" time="0.130" /><testcase classname="tests.test_returns_operations_e2e" name="test_admin_returns_all_valid_tabs[received]" time="0.141" /><testcase classname="tests.test_returns_operations_e2e" name="test_admin_returns_all_valid_tabs[inspection]" time="0.118" /><testcase classname="tests.test_returns_operations_e2e" name="test_admin_returns_all_valid_tabs[refund]" time="0.124" /><testcase classname="tests.test_returns_operations_e2e" name="test_admin_returns_all_valid_tabs[refunded]" time="0.129" /><testcase classname="tests.test_returns_operations_e2e" name="test_admin_returns_all_valid_tabs[denied]" time="0.125" /><testcase classname="tests.test_returns_operations_e2e" name="test_admin_returns_all_valid_tabs[closed]" time="0.134" /><testcase classname="tests.test_returns_operations_e2e" name="test_admin_returns_all_valid_tabs[all]" time="0.135" /><testcase classname="tests.test_returns_operations_e2e" name="test_customer_request_invalid_token_403" time="0.133" /><testcase classname="tests.test_returns_operations_e2e" name="test_customer_request_invalid_reason_422" time="0.124" /><testcase classname="tests.test_returns_operations_e2e" name="test_customer_request_extra_field_422" time="0.122" /><testcase classname="tests.test_returns_operations_e2e" name="test_gold_happy_path_and_duplicate_conflict" time="0.431" /><testcase classname="tests.test_returns_operations_e2e" name="test_silver_denied_immediately" time="0.371" /><testcase classname="tests.test_returns_operations_e2e" name="test_custom_atelier_denied" time="0.317" /><testcase classname="tests.test_returns_operations_e2e" name="test_missing_shipped_at_owner_review" time="0.341" /><testcase classname="tests.test_returns_operations_e2e" name="test_shipped_but_not_delivered_still_owner_review" time="0.333" /><testcase classname="tests.test_returns_operations_e2e" name="test_warranty_reason_routes_review" time="0.278" /><testcase classname="tests.test_returns_operations_e2e" name="test_admin_lifecycle_full_happy_path" time="1.519" /><testcase classname="tests.test_returns_operations_e2e" name="test_partial_refund_only_selected_items" time="1.270" /><testcase classname="tests.test_returns_operations_e2e" name="test_refund_locked_historical_order" time="0.136" /><testcase classname="tests.test_returns_operations_e2e" name="test_refund_wrong_state_returns_409" time="0.421" /><testcase classname="tests.test_returns_operations_e2e" name="test_verify_delivery_recomputes_eligibility" time="0.460" /><testcase classname="tests.test_returns_operations_e2e" name="test_inspect_fail_then_deny_then_close" time="1.443" /><testcase classname="tests.test_returns_operations_e2e" name="test_customer_get_return_safe_payload" time="0.404" /></testsuite></testsuites>