<?xml version="1.0" encoding="utf-8"?><testsuites name="pytest tests"><testsuite name="pytest" errors="0" failures="1" skipped="0" tests="29" time="7.211" timestamp="2026-09-07T00:54:06.881252+00:00" hostname="agent-env-035d30bb-a2db-4d85-86b9-bfd0b4e5e386"><testcase classname="tests.test_returns_operations_e2e" name="test_admin_returns_requires_auth" time="0.313" /><testcase classname="tests.test_returns_operations_e2e" name="test_admin_returns_bad_token" time="0.129" /><testcase classname="tests.test_returns_operations_e2e" name="test_admin_returns_ok_with_valid_jwt" time="0.407" /><testcase classname="tests.test_returns_operations_e2e" name="test_admin_returns_invalid_status_400" time="0.128" /><testcase classname="tests.test_returns_operations_e2e" name="test_admin_returns_all_valid_tabs[new]" time="0.123" /><testcase classname="tests.test_returns_operations_e2e" name="test_admin_returns_all_valid_tabs[under_review]" time="0.160" /><testcase classname="tests.test_returns_operations_e2e" name="test_admin_returns_all_valid_tabs[authorized]" time="0.161" /><testcase classname="tests.test_returns_operations_e2e" name="test_admin_returns_all_valid_tabs[received]" time="0.128" /><testcase classname="tests.test_returns_operations_e2e" name="test_admin_returns_all_valid_tabs[inspection]" time="0.149" /><testcase classname="tests.test_returns_operations_e2e" name="test_admin_returns_all_valid_tabs[refund]" time="0.177" /><testcase classname="tests.test_returns_operations_e2e" name="test_admin_returns_all_valid_tabs[refunded]" time="0.149" /><testcase classname="tests.test_returns_operations_e2e" name="test_admin_returns_all_valid_tabs[denied]" time="0.130" /><testcase classname="tests.test_returns_operations_e2e" name="test_admin_returns_all_valid_tabs[closed]" time="0.119" /><testcase classname="tests.test_returns_operations_e2e" name="test_admin_returns_all_valid_tabs[all]" time="0.161" /><testcase classname="tests.test_returns_operations_e2e" name="test_customer_request_invalid_token_403" time="0.150"><failure message="assert 422 == 403&#10; +  where 422 = &lt;Response [422]&gt;.status_code">tests/test_returns_operations_e2e.py:151: in test_customer_request_invalid_token_403
    assert r.status_code == 403
E   assert 422 == 403
E    +  where 422 = &lt;Response [422]&gt;.status_code</failure></testcase><testcase classname="tests.test_returns_operations_e2e" name="test_customer_request_invalid_reason_422" time="0.141" /><testcase classname="tests.test_returns_operations_e2e" name="test_customer_request_extra_field_422" time="0.126" /><testcase classname="tests.test_returns_operations_e2e" name="test_gold_happy_path_and_duplicate_conflict" time="0.279" /><testcase classname="tests.test_returns_operations_e2e" name="test_silver_denied_immediately" time="0.162" /><testcase classname="tests.test_returns_operations_e2e" name="test_custom_atelier_denied" time="0.130" /><testcase classname="tests.test_returns_operations_e2e" name="test_missing_shipped_at_owner_review" time="0.129" /><testcase classname="tests.test_returns_operations_e2e" name="test_warranty_reason_routes_review" time="0.127" /><testcase classname="tests.test_returns_operations_e2e" name="test_admin_lifecycle_full_happy_path" time="0.781" /><testcase classname="tests.test_returns_operations_e2e" name="test_partial_refund_only_selected_items" time="0.773" /><testcase classname="tests.test_returns_operations_e2e" name="test_refund_locked_historical_order" time="0.148" /><testcase classname="tests.test_returns_operations_e2e" name="test_refund_wrong_state_returns_409" time="0.284" /><testcase classname="tests.test_returns_operations_e2e" name="test_verify_delivery_recomputes_eligibility" time="0.356" /><testcase classname="tests.test_returns_operations_e2e" name="test_inspect_fail_then_deny_then_close" time="0.815" /><testcase classname="tests.test_returns_operations_e2e" name="test_customer_get_return_safe_payload" time="0.268" /></testsuite></testsuites>