<?xml version="1.0" encoding="utf-8"?><testsuites name="pytest tests"><testsuite name="pytest" errors="0" failures="0" skipped="1" tests="1055" time="56.054" timestamp="2026-09-07T01:59:58.416764+00:00" hostname="agent-env-035d30bb-a2db-4d85-86b9-bfd0b4e5e386"><testcase classname="tests.test_admin_fulfillment_e2e" name="test_queue_requires_token" time="0.253" /><testcase classname="tests.test_admin_fulfillment_e2e" name="test_queue_with_token_ok" time="0.128" /><testcase classname="tests.test_admin_fulfillment_e2e" name="test_queue_no_secret_leakage" time="0.164" /><testcase classname="tests.test_admin_fulfillment_e2e" name="test_queue_all_valid_status_tabs[needs_review]" time="0.187" /><testcase classname="tests.test_admin_fulfillment_e2e" name="test_queue_all_valid_status_tabs[in_preparation]" time="0.148" /><testcase classname="tests.test_admin_fulfillment_e2e" name="test_queue_all_valid_status_tabs[ready_to_ship]" time="0.129" /><testcase classname="tests.test_admin_fulfillment_e2e" name="test_queue_all_valid_status_tabs[shipped]" time="0.128" /><testcase classname="tests.test_admin_fulfillment_e2e" name="test_queue_all_valid_status_tabs[on_hold]" time="0.126" /><testcase classname="tests.test_admin_fulfillment_e2e" name="test_queue_all_valid_status_tabs[cancelled]" time="0.130" /><testcase classname="tests.test_admin_fulfillment_e2e" name="test_queue_all_valid_status_tabs[all]" time="0.146" /><testcase classname="tests.test_admin_fulfillment_e2e" name="test_queue_invalid_status" time="0.129" /><testcase classname="tests.test_admin_fulfillment_e2e" name="test_historical_order_in_needs_review_untouched" time="0.202" /><testcase classname="tests.test_admin_fulfillment_e2e" name="test_historical_order_detail_has_eligibility" time="0.131" /><testcase classname="tests.test_admin_fulfillment_e2e" name="test_historical_order_audit_endpoint" time="0.132" /><testcase classname="tests.test_admin_fulfillment_e2e" name="test_mark_shipped_blocked_by_shipping_integrity" time="0.136" /><testcase classname="tests.test_admin_fulfillment_e2e" name="test_mark_shipped_blocked_by_presentment_integrity" time="0.157" /><testcase classname="tests.test_admin_fulfillment_e2e" name="test_approve_blocked_by_integrity" time="0.172" /><testcase classname="tests.test_admin_fulfillment_e2e" name="test_hold_and_release_flow" time="0.618" /><testcase classname="tests.test_admin_fulfillment_e2e" name="test_release_hold_blocked_when_integrity_red" time="0.170" /><testcase classname="tests.test_admin_fulfillment_e2e" name="test_prepare_requires_approved" time="0.142" /><testcase classname="tests.test_admin_fulfillment_e2e" name="test_full_lifecycle" time="1.271" /><testcase classname="tests.test_admin_fulfillment_e2e" name="test_tracking_url_ups" time="0.332" /><testcase classname="tests.test_admin_fulfillment_e2e" name="test_tracking_url_fedex" time="0.394" /><testcase classname="tests.test_admin_fulfillment_e2e" name="test_tracking_url_unknown_carrier_is_null" time="0.364" /><testcase classname="tests.test_admin_fulfillment_e2e" name="test_tracking_url_explicit_https_passthrough" time="0.324" /><testcase classname="tests.test_admin_fulfillment_e2e" name="test_tracking_url_javascript_falls_back" time="0.782" /><testcase classname="tests.test_admin_fulfillment_e2e" name="test_tracking_number_invalid_after_sanitize" time="0.133" /><testcase classname="tests.test_admin_fulfillment_e2e" name="test_double_shipment_second_is_noop" time="0.692" /><testcase classname="tests.test_admin_fulfillment_e2e" name="test_correct_shipment_requires_shipped" time="0.153" /><testcase classname="tests.test_admin_fulfillment_e2e" name="test_correct_shipment_records_previous" time="0.267" /><testcase classname="tests.test_bnpl_cad_lane" name="test_fx_snapshot_fresh_within_ttl" time="0.001" /><testcase classname="tests.test_bnpl_cad_lane" name="test_fx_snapshot_serves_stale_within_72h_holiday_grace" time="0.001" /><testcase classname="tests.test_bnpl_cad_lane" name="test_fx_snapshot_fails_closed_beyond_72h" time="0.001" /><testcase classname="tests.test_bnpl_cad_lane" name="test_fx_rejects_out_of_band_rate[bad_rate0]" time="0.001" /><testcase classname="tests.test_bnpl_cad_lane" name="test_fx_rejects_out_of_band_rate[bad_rate1]" time="0.001" /><testcase classname="tests.test_bnpl_cad_lane" name="test_fx_rejects_out_of_band_rate[bad_rate2]" time="0.001" /><testcase classname="tests.test_bnpl_cad_lane" name="test_fx_rejects_out_of_band_rate[bad_rate3]" time="0.001" /><testcase classname="tests.test_bnpl_cad_lane" name="test_convert_usd_cents_uses_integer_math" time="0.000" /><testcase classname="tests.test_bnpl_cad_lane" name="test_convert_usd_cents_rejects_negative" time="0.000" /><testcase classname="tests.test_bnpl_cad_lane" name="test_build_bnpl_quote_shape" time="0.000" /><testcase classname="tests.test_bnpl_cad_lane" name="test_build_bnpl_quote_returns_none_when_fx_unavailable" time="0.000" /><testcase classname="tests.test_bnpl_cad_lane" name="test_bnpl_quote_ca_returns_full_snapshot" time="0.218" /><testcase classname="tests.test_bnpl_cad_lane" name="test_bnpl_quote_non_ca_rejected" time="0.001" /><testcase classname="tests.test_bnpl_cad_lane" name="test_bnpl_quote_rejects_client_rate_injection" time="0.001" /><testcase classname="tests.test_bnpl_cad_lane" name="test_bnpl_quote_rejects_client_cad_amount_injection" time="0.001" /><testcase classname="tests.test_bnpl_cad_lane" name="test_bnpl_session_persists_canonical_usd_and_cad_presentment" time="0.317" /><testcase classname="tests.test_bnpl_cad_lane" name="test_bnpl_flag_ignored_for_us_country" time="0.041" /><testcase classname="tests.test_bnpl_cad_lane" name="test_session_rejects_money_injection_still" time="0.001" /><testcase classname="tests.test_bnpl_payment_methods" name="test_orderv2_accepts_optional_payment_method_type" time="0.000" /><testcase classname="tests.test_bnpl_payment_methods" name="test_orderv2_missing_payment_method_type_deserializes_cleanly" time="0.000" /><testcase classname="tests.test_bnpl_payment_methods" name="test_extract_payment_method_type_from_charges[card]" time="0.000" /><testcase classname="tests.test_bnpl_payment_methods" name="test_extract_payment_method_type_from_charges[klarna]" time="0.000" /><testcase classname="tests.test_bnpl_payment_methods" name="test_extract_payment_method_type_from_charges[affirm]" time="0.000" /><testcase classname="tests.test_bnpl_payment_methods" name="test_extract_payment_method_type_from_charges[apple_pay]" time="0.000" /><testcase classname="tests.test_bnpl_payment_methods" name="test_extract_payment_method_type_from_charges[google_pay]" time="0.000" /><testcase classname="tests.test_bnpl_payment_methods" name="test_extract_payment_method_type_from_charges[link]" time="0.000" /><testcase classname="tests.test_bnpl_payment_methods" name="test_extract_payment_method_type_falls_back_to_types_hint" time="0.000" /><testcase classname="tests.test_bnpl_payment_methods" name="test_extract_payment_method_type_none_when_missing" time="0.000" /><testcase classname="tests.test_bnpl_payment_methods" name="test_extract_payment_method_type_handles_list_style_charges" time="0.000" /><testcase classname="tests.test_bnpl_payment_methods" name="test_dpm_still_active_on_trusted_session" time="0.042" /><testcase classname="tests.test_catalog" name="test_is_supported_expanded" time="0.000" /><testcase classname="tests.test_catalog" name="test_is_supported_rejects_unknown" time="0.000" /><testcase classname="tests.test_catalog" name="test_supported_slugs_set_contains_original_11" time="0.000" /><testcase classname="tests.test_catalog" name="test_bajan_joe_both_tiers_same_price[polish-BJ-POL-925]" time="0.000" /><testcase classname="tests.test_catalog" name="test_bajan_joe_both_tiers_same_price[matte-BJ-MAT-925]" time="0.000" /><testcase classname="tests.test_catalog" name="test_bajan_joe_lowest_size_us7" time="0.000" /><testcase classname="tests.test_catalog" name="test_bajan_joe_highest_size_us15" time="0.000" /><testcase classname="tests.test_catalog" name="test_bajan_joe_half_size_supported" time="0.000" /><testcase classname="tests.test_catalog" name="test_bajan_joe_accepts_tier_via_karat_field" time="0.000" /><testcase classname="tests.test_catalog" name="test_bajan_joe_invalid_tier_rejected" time="0.000" /><testcase classname="tests.test_catalog" name="test_bajan_joe_missing_tier_rejected" time="0.000" /><testcase classname="tests.test_catalog" name="test_bajan_joe_invalid_size_rejected" time="0.000" /><testcase classname="tests.test_catalog" name="test_bajan_joe_missing_size_rejected" time="0.000" /><testcase classname="tests.test_catalog" name="test_bajan_joe_client_supplied_price_ignored" time="0.000" /><testcase classname="tests.test_catalog" name="test_rre_all_four_variants_resolve_correctly[plated-35000-RRED-GPSS]" time="0.000" /><testcase classname="tests.test_catalog" name="test_rre_all_four_variants_resolve_correctly[10k-110000-RRED-10KYG]" time="0.000" /><testcase classname="tests.test_catalog" name="test_rre_all_four_variants_resolve_correctly[14k-140000-RRED-14KYG]" time="0.000" /><testcase classname="tests.test_catalog" name="test_rre_all_four_variants_resolve_correctly[18k-180000-RRED-18KYG]" time="0.000" /><testcase classname="tests.test_catalog" name="test_rre_variant_accepts_karat_field_as_tierkey" time="0.000" /><testcase classname="tests.test_catalog" name="test_rre_case_insensitive_variant" time="0.000" /><testcase classname="tests.test_catalog" name="test_rre_missing_variant_rejected" time="0.000" /><testcase classname="tests.test_catalog" name="test_rre_invalid_variant_rejected" time="0.000" /><testcase classname="tests.test_catalog" name="test_rre_metadata_marks_plated_correctly" time="0.000" /><testcase classname="tests.test_catalog" name="test_rre_metadata_marks_solid_gold_correctly" time="0.000" /><testcase classname="tests.test_catalog" name="test_quadriga_verified_case_14k_red_black_us11" time="0.000" /><testcase classname="tests.test_catalog" name="test_quadriga_pricing_matrix[10K-red-black-1049500]" time="0.000" /><testcase classname="tests.test_catalog" name="test_quadriga_pricing_matrix[14K-red-black-1225000]" time="0.000" /><testcase classname="tests.test_catalog" name="test_quadriga_pricing_matrix[10K-black-red-1099500]" time="0.000" /><testcase classname="tests.test_catalog" name="test_quadriga_pricing_matrix[14K-black-red-1275000]" time="0.000" /><testcase classname="tests.test_catalog" name="test_quadriga_pricing_matrix[10K-green-black-1149500]" time="0.000" /><testcase classname="tests.test_catalog" name="test_quadriga_pricing_matrix[14K-green-black-1325000]" time="0.000" /><testcase classname="tests.test_catalog" name="test_quadriga_pricing_matrix[10K-black-green-1199500]" time="0.000" /><testcase classname="tests.test_catalog" name="test_quadriga_pricing_matrix[14K-black-green-1375000]" time="0.000" /><testcase classname="tests.test_catalog" name="test_quadriga_accepts_colorway_via_metal_colour_field" time="0.000" /><testcase classname="tests.test_catalog" name="test_quadriga_invalid_karat_rejected" time="0.000" /><testcase classname="tests.test_catalog" name="test_quadriga_invalid_colorway_rejected" time="0.000" /><testcase classname="tests.test_catalog" name="test_quadriga_invalid_ring_size_rejected" time="0.000" /><testcase classname="tests.test_catalog" name="test_quadriga_missing_ring_size_rejected" time="0.000" /><testcase classname="tests.test_catalog" name="test_quadriga_sku_shape" time="0.000" /><testcase classname="tests.test_catalog" name="test_quadriga_metadata_included" time="0.000" /><testcase classname="tests.test_catalog" name="test_scacco_still_works_10k_yellow" time="0.000" /><testcase classname="tests.test_catalog" name="test_scacco_still_works_14k_white" time="0.000" /><testcase classname="tests.test_catalog" name="test_scacco_invalid_karat_still_rejected" time="0.000" /><testcase classname="tests.test_catalog" name="test_unsupported_product_rejected" time="0.000" /><testcase classname="tests.test_catalog" name="test_quantity_bounds" time="0.000" /><testcase classname="tests.test_catalog" name="test_compute_totals_rre_cad" time="0.000" /><testcase classname="tests.test_catalog" name="test_compute_totals_quadriga_usd" time="0.000" /><testcase classname="tests.test_catalog" name="test_compute_totals_scacco_usd_preserved" time="0.000" /><testcase classname="tests.test_catalog" name="test_compute_totals_mixed_currency_rejected" time="0.000" /><testcase classname="tests.test_catalog" name="test_compute_totals_same_currency_multi_item_ok" time="0.000" /><testcase classname="tests.test_catalog" name="test_compute_totals_empty_cart_rejected" time="0.000" /><testcase classname="tests.test_catalog_wave3" name="test_vault_fixed_price_matches_storefront[iv-altar-40-CRX]" time="0.000" /><testcase classname="tests.test_catalog_wave3" name="test_vault_fixed_price_matches_storefront[iv-caged-wings-70-PR]" time="0.000" /><testcase classname="tests.test_catalog_wave3" name="test_vault_fixed_price_matches_storefront[iv-driven-75-01]" time="0.000" /><testcase classname="tests.test_catalog_wave3" name="test_vault_fixed_price_matches_storefront[iv-echelle-115-3TG]" time="0.000" /><testcase classname="tests.test_catalog_wave3" name="test_vault_fixed_price_matches_storefront[iv-lucent-70-CHN]" time="0.000" /><testcase classname="tests.test_catalog_wave3" name="test_vault_fixed_price_matches_storefront[iv-monaco-60-2F]" time="0.000" /><testcase classname="tests.test_catalog_wave3" name="test_vault_fixed_price_matches_storefront[iv-nova-80-PR]" time="0.000" /><testcase classname="tests.test_catalog_wave3" name="test_vault_fixed_price_matches_storefront[iv-oriel-40-RSW]" time="0.000" /><testcase classname="tests.test_catalog_wave3" name="test_vault_fixed_price_matches_storefront[iv-parabola-atelier-100-STUDY]" time="0.000" /><testcase classname="tests.test_catalog_wave3" name="test_vault_fixed_price_matches_storefront[iv-parallax-drop-earrings-70-DROPS]" time="0.000" /><testcase classname="tests.test_catalog_wave3" name="test_vault_fixed_price_matches_storefront[iv-ribbon-regale-30-REGALE]" time="0.000" /><testcase classname="tests.test_catalog_wave3" name="test_vault_fixed_price_matches_storefront[iv-roseline-50-RG]" time="0.000" /><testcase classname="tests.test_catalog_wave3" name="test_vault_fixed_price_matches_storefront[iv-stampede-set-150-SET]" time="0.000" /><testcase classname="tests.test_catalog_wave3" name="test_vault_fixed_price_matches_storefront[iv-nightfang-set-185-SET]" time="0.000" /><testcase classname="tests.test_catalog_wave3" name="test_vault_defaults_to_sole_variant" time="0.000" /><testcase classname="tests.test_catalog_wave3" name="test_reaudit_single_variant_static_usd[drew-face-vault-850]" time="0.000" /><testcase classname="tests.test_catalog_wave3" name="test_reaudit_single_variant_static_usd[la-madonna-10k-yellow-28500]" time="0.000" /><testcase classname="tests.test_catalog_wave3" name="test_reaudit_single_variant_static_usd[la-scarpa-della-regina-18k-rose-9000]" time="0.000" /><testcase classname="tests.test_catalog_wave3" name="test_reaudit_single_variant_static_usd[midweek-silver-black-dia-850]" time="0.000" /><testcase classname="tests.test_catalog_wave3" name="test_reaudit_multivariant_static_usd[bape-10k-yellow-US 10-9500]" time="0.000" /><testcase classname="tests.test_catalog_wave3" name="test_reaudit_multivariant_static_usd[bape-14k-yellow-US 10-12500]" time="0.000" /><testcase classname="tests.test_catalog_wave3" name="test_reaudit_multivariant_static_usd[bape-18k-yellow-US 10-17000]" time="0.000" /><testcase classname="tests.test_catalog_wave3" name="test_reaudit_multivariant_static_usd[lisa-emerald-tight-US 6-5500]" time="0.000" /><testcase classname="tests.test_catalog_wave3" name="test_reaudit_multivariant_static_usd[lisa-emerald-open-US 7-9000]" time="0.000" /><testcase classname="tests.test_catalog_wave3" name="test_reaudit_multivariant_static_usd[the-carapace-vermeil-US 6-350]" time="0.000" /><testcase classname="tests.test_catalog_wave3" name="test_reaudit_multivariant_static_usd[the-carapace-vermeil-pave-US 6-600]" time="0.000" /><testcase classname="tests.test_catalog_wave3" name="test_reaudit_multivariant_static_usd[the-carapace-10k-US 6-1100]" time="0.000" /><testcase classname="tests.test_catalog_wave3" name="test_reaudit_multivariant_static_usd[the-carapace-10k-pave-US 6-1450]" time="0.000" /><testcase classname="tests.test_catalog_wave3" name="test_reaudit_multivariant_static_usd[neighborhood-nip-original-US 10-15000]" time="0.000" /><testcase classname="tests.test_catalog_wave3" name="test_reaudit_multivariant_static_usd[neighborhood-nip-custom-US 10-15750]" time="0.000" /><testcase classname="tests.test_catalog_wave3" name="test_bape_invalid_metal_tier_rejected" time="0.000" /><testcase classname="tests.test_catalog_wave3" name="test_bape_requires_size" time="0.000" /><testcase classname="tests.test_catalog_wave3" name="test_carapace_ladies_size_accepted" time="0.000" /><testcase classname="tests.test_catalog_wave3" name="test_neighborhood_nip_ladies_size_rejected" time="0.000" /><testcase classname="tests.test_catalog_wave3" name="test_client_supplied_price_ignored" time="0.000" /><testcase classname="tests.test_catalog_wave3" name="test_mixed_currency_defensive_guard_still_active_post_migration" time="0.000" /><testcase classname="tests.test_catalog_wave3" name="test_all_wave3_slugs_registered" time="0.000" /><testcase classname="tests.test_checkout_price_moved" name="test_stripe_session_price_moved_returns_409" time="0.005" /><testcase classname="tests.test_checkout_price_moved" name="test_stripe_session_within_threshold_creates_session" time="0.009" /><testcase classname="tests.test_checkout_price_moved" name="test_acknowledged_re_quote_succeeds_when_within_threshold" time="0.009" /><testcase classname="tests.test_checkout_price_moved" name="test_second_move_returns_price_moved_again" time="0.004" /><testcase classname="tests.test_checkout_price_moved" name="test_live_price_unavailable_when_fallback" time="0.003" /><testcase classname="tests.test_checkout_price_moved" name="test_regression_bajan_joe_still_795_usd" time="0.008" /><testcase classname="tests.test_checkout_price_moved" name="test_regression_missing_dynamic_snapshot_field_still_ok" time="0.011" /><testcase classname="tests.test_cresta_nera" name="test_cresta_nera_all_eight_variants[10k-yellow-gold-small-1049500-CRESTA-10K-S]" time="0.000" /><testcase classname="tests.test_cresta_nera" name="test_cresta_nera_all_eight_variants[10k-yellow-gold-medium-1074500-CRESTA-10K-M]" time="0.000" /><testcase classname="tests.test_cresta_nera" name="test_cresta_nera_all_eight_variants[10k-yellow-gold-large-1099500-CRESTA-10K-L]" time="0.000" /><testcase classname="tests.test_cresta_nera" name="test_cresta_nera_all_eight_variants[10k-yellow-gold-xl-1124500-CRESTA-10K-XL]" time="0.000" /><testcase classname="tests.test_cresta_nera" name="test_cresta_nera_all_eight_variants[14k-yellow-gold-small-1179500-CRESTA-14K-S]" time="0.000" /><testcase classname="tests.test_cresta_nera" name="test_cresta_nera_all_eight_variants[14k-yellow-gold-medium-1204500-CRESTA-14K-M]" time="0.000" /><testcase classname="tests.test_cresta_nera" name="test_cresta_nera_all_eight_variants[14k-yellow-gold-large-1229500-CRESTA-14K-L]" time="0.000" /><testcase classname="tests.test_cresta_nera" name="test_cresta_nera_all_eight_variants[14k-yellow-gold-xl-1254500-CRESTA-14K-XL]" time="0.000" /><testcase classname="tests.test_cresta_nera" name="test_cresta_nera_is_supported" time="0.000" /><testcase classname="tests.test_cresta_nera" name="test_cresta_nera_is_static" time="0.000" /><testcase classname="tests.test_cresta_nera" name="test_invalid_wrist_size_rejected" time="0.000" /><testcase classname="tests.test_cresta_nera" name="test_missing_wrist_size_rejected" time="0.000" /><testcase classname="tests.test_cresta_nera" name="test_invalid_metal_rejected" time="0.000" /><testcase classname="tests.test_cresta_nera" name="test_missing_metal_rejected" time="0.000" /><testcase classname="tests.test_cresta_nera" name="test_ring_size_field_is_ignored_for_bangle" time="0.000" /><testcase classname="tests.test_cresta_nera" name="test_client_supplied_price_ignored_for_cresta_nera" time="0.000" /><testcase classname="tests.test_cresta_nera" name="test_size_based_uplift_is_active_10k" time="0.000" /><testcase classname="tests.test_cresta_nera" name="test_size_based_uplift_is_active_14k" time="0.000" /><testcase classname="tests.test_customer_experience_phase" name="test_shipment_email_builder_includes_expected_fields" time="0.000" /><testcase classname="tests.test_customer_experience_phase" name="test_shipment_email_excludes_internal_details" time="0.000" /><testcase classname="tests.test_customer_experience_phase" name="test_shipment_email_strips_unsafe_tracking_url" time="0.000" /><testcase classname="tests.test_customer_experience_phase" name="test_admin_mark_shipped_requires_auth" time="0.001" /><testcase classname="tests.test_customer_experience_phase" name="test_admin_mark_shipped_rejects_bad_token" time="0.001" /><testcase classname="tests.test_customer_experience_phase" name="test_admin_mark_shipped_endpoint_registered" time="0.002" /><testcase classname="tests.test_customer_experience_phase" name="test_admin_mark_shipped_rejects_extra_fields" time="0.001" /><testcase classname="tests.test_customer_experience_phase" name="test_mark_shipped_first_call_sends_email_second_is_noop" time="0.001" /><testcase classname="tests.test_customer_experience_phase" name="test_mark_shipped_rejects_unpaid_order" time="0.000" /><testcase classname="tests.test_customer_experience_phase" name="test_order_status_rejects_missing_token" time="0.001" /><testcase classname="tests.test_customer_experience_phase" name="test_order_status_rejects_invalid_token" time="0.003" /><testcase classname="tests.test_customer_experience_phase" name="test_order_status_default_dispatch_estimate" time="0.000" /><testcase classname="tests.test_customer_experience_phase" name="test_order_status_surfaces_tracking_when_shipped" time="0.000" /><testcase classname="tests.test_customer_experience_phase" name="test_order_status_does_not_leak_internal_fields" time="0.000" /><testcase classname="tests.test_customer_experience_phase" name="test_paid_email_embeds_secure_order_status_link" time="0.000" /><testcase classname="tests.test_customer_experience_phase" name="test_shipment_email_embeds_secure_order_status_link" time="0.000" /><testcase classname="tests.test_customer_experience_phase" name="test_emails_hide_order_status_cta_when_token_absent" time="0.000" /><testcase classname="tests.test_customer_experience_phase" name="test_email_status_link_only_uses_http_base" time="0.000" /><testcase classname="tests.test_customer_experience_phase" name="test_email_cta_does_not_leak_internal_fields" time="0.000" /><testcase classname="tests.test_customer_experience_phase" name="test_admin_get_order_requires_auth" time="0.001" /><testcase classname="tests.test_customer_experience_phase" name="test_admin_get_order_returns_404_when_missing" time="0.002" /><testcase classname="tests.test_customer_experience_phase" name="test_admin_get_order_never_returns_secret_fields" time="0.000" /><testcase classname="tests.test_customer_experience_phase" name="test_status_endpoint_still_verifies_hash_after_email_token_stored" time="0.001" /><testcase classname="tests.test_display_currency_trust_boundary" name="test_valid_display_currency_accepted[USD]" time="0.040" /><testcase classname="tests.test_display_currency_trust_boundary" name="test_valid_display_currency_accepted[CAD]" time="0.040" /><testcase classname="tests.test_display_currency_trust_boundary" name="test_valid_display_currency_accepted[GBP]" time="0.040" /><testcase classname="tests.test_display_currency_trust_boundary" name="test_valid_display_currency_accepted[EUR]" time="0.040" /><testcase classname="tests.test_display_currency_trust_boundary" name="test_valid_display_currency_accepted[AUD]" time="0.040" /><testcase classname="tests.test_display_currency_trust_boundary" name="test_valid_display_currency_accepted[JPY]" time="0.041" /><testcase classname="tests.test_display_currency_trust_boundary" name="test_invalid_display_currency_rejected" time="0.004" /><testcase classname="tests.test_display_currency_trust_boundary" name="test_money_injection_attempts_rejected_422[fx_rate-0.75]" time="0.001" /><testcase classname="tests.test_display_currency_trust_boundary" name="test_money_injection_attempts_rejected_422[presentment_amount-100000]" time="0.001" /><testcase classname="tests.test_display_currency_trust_boundary" name="test_money_injection_attempts_rejected_422[localized_unit_amount-12345]" time="0.001" /><testcase classname="tests.test_display_currency_trust_boundary" name="test_money_injection_attempts_rejected_422[localized_total-99999]" time="0.001" /><testcase classname="tests.test_display_currency_trust_boundary" name="test_money_injection_attempts_rejected_422[localized_shipping-500]" time="0.001" /><testcase classname="tests.test_display_currency_trust_boundary" name="test_money_injection_attempts_rejected_422[conversion_amount-12345]" time="0.001" /><testcase classname="tests.test_dynamic_rings" name="test_all_seven_slugs_registered" time="0.000" /><testcase classname="tests.test_dynamic_rings" name="test_static_products_are_not_flagged_dynamic" time="0.000" /><testcase classname="tests.test_dynamic_rings" name="test_dynamic_resolver_requires_market_snapshot[la-marva-foundation-US 6]" time="0.000" /><testcase classname="tests.test_dynamic_rings" name="test_dynamic_resolver_requires_market_snapshot[annie-rose-signature-US 6]" time="0.000" /><testcase classname="tests.test_dynamic_rings" name="test_dynamic_resolver_requires_market_snapshot[rhythm-mesh-ring-foundation-US 10]" time="0.000" /><testcase classname="tests.test_dynamic_rings" name="test_dynamic_resolver_requires_market_snapshot[tola-ii-signature-US 10]" time="0.000" /><testcase classname="tests.test_dynamic_rings" name="test_dynamic_resolver_requires_market_snapshot[parabola-sterling-US 6]" time="0.000" /><testcase classname="tests.test_dynamic_rings" name="test_dynamic_resolver_requires_market_snapshot[parabola-heritage-whiteGold10k-US 10]" time="0.000" /><testcase classname="tests.test_dynamic_rings" name="test_dynamic_resolver_requires_market_snapshot[ovation-yellow10k-US 8]" time="0.000" /><testcase classname="tests.test_dynamic_rings" name="test_dynamic_pricing_at_reference_market[la-marva-foundation-US 6-800000]" time="0.000" /><testcase classname="tests.test_dynamic_rings" name="test_dynamic_pricing_at_reference_market[la-marva-signature-US 6-1800000]" time="0.000" /><testcase classname="tests.test_dynamic_rings" name="test_dynamic_pricing_at_reference_market[la-marva-heirloom-US 7-2200000]" time="0.000" /><testcase classname="tests.test_dynamic_rings" name="test_dynamic_pricing_at_reference_market[annie-rose-foundation-US 6-920000]" time="0.000" /><testcase classname="tests.test_dynamic_rings" name="test_dynamic_pricing_at_reference_market[annie-rose-signature-US 6-1380000]" time="0.000" /><testcase classname="tests.test_dynamic_rings" name="test_dynamic_pricing_at_reference_market[annie-rose-heirloom-US 7-1840000]" time="0.000" /><testcase classname="tests.test_dynamic_rings" name="test_dynamic_pricing_at_reference_market[rhythm-mesh-ring-foundation-US 10-145000]" time="0.000" /><testcase classname="tests.test_dynamic_rings" name="test_dynamic_pricing_at_reference_market[rhythm-mesh-ring-signature-US 10-280000]" time="0.003" /><testcase classname="tests.test_dynamic_rings" name="test_dynamic_pricing_at_reference_market[rhythm-mesh-ring-heirloom-US 10-420000]" time="0.000" /><testcase classname="tests.test_dynamic_rings" name="test_dynamic_pricing_at_reference_market[tola-ii-foundation-US 10-520000]" time="0.000" /><testcase classname="tests.test_dynamic_rings" name="test_dynamic_pricing_at_reference_market[tola-ii-signature-US 10-780000]" time="0.000" /><testcase classname="tests.test_dynamic_rings" name="test_dynamic_pricing_at_reference_market[tola-ii-heirloom-US 10-1100000]" time="0.000" /><testcase classname="tests.test_dynamic_rings" name="test_dynamic_pricing_at_reference_market[parabola-sterling-US 6-125000]" time="0.000" /><testcase classname="tests.test_dynamic_rings" name="test_dynamic_pricing_at_reference_market[parabola-whiteGold10k-US 6-780000]" time="0.000" /><testcase classname="tests.test_dynamic_rings" name="test_dynamic_pricing_at_reference_market[parabola-roseGold10k-US 7-780000]" time="0.000" /><testcase classname="tests.test_dynamic_rings" name="test_dynamic_pricing_at_reference_market[parabola-heritage-sterling-US 10-125000]" time="0.000" /><testcase classname="tests.test_dynamic_rings" name="test_dynamic_pricing_at_reference_market[parabola-heritage-whiteGold10k-US 10-780000]" time="0.000" /><testcase classname="tests.test_dynamic_rings" name="test_dynamic_pricing_at_reference_market[parabola-heritage-yellowGold10k-US 11-780000]" time="0.000" /><testcase classname="tests.test_dynamic_rings" name="test_dynamic_pricing_at_reference_market[ovation-silver-US 8-20000]" time="0.000" /><testcase classname="tests.test_dynamic_rings" name="test_dynamic_pricing_at_reference_market[ovation-yellow10k-US 8-85000]" time="0.000" /><testcase classname="tests.test_dynamic_rings" name="test_dynamic_pricing_at_reference_market[ovation-white10k-US 9-85000]" time="0.000" /><testcase classname="tests.test_dynamic_rings" name="test_dynamic_pricing_at_reference_market[ovation-yellow14k-US 8-110000]" time="0.000" /><testcase classname="tests.test_dynamic_rings" name="test_dynamic_pricing_at_reference_market[ovation-white14k-US 9-110000]" time="0.000" /><testcase classname="tests.test_dynamic_rings" name="test_dynamic_pricing_at_reference_market[ovation-yellow18k-US 8-140000]" time="0.000" /><testcase classname="tests.test_dynamic_rings" name="test_dynamic_pricing_at_reference_market[ovation-white18k-US 10-140000]" time="0.000" /><testcase classname="tests.test_dynamic_rings" name="test_gold_price_uplift_moves_only_gold_tiers" time="0.000" /><testcase classname="tests.test_dynamic_rings" name="test_invalid_tier_rejected" time="0.000" /><testcase classname="tests.test_dynamic_rings" name="test_missing_tier_rejected" time="0.000" /><testcase classname="tests.test_dynamic_rings" name="test_invalid_size_ladies_rejects_gents_size" time="0.000" /><testcase classname="tests.test_dynamic_rings" name="test_invalid_size_gents_rejects_ladies_size" time="0.000" /><testcase classname="tests.test_dynamic_rings" name="test_missing_size_rejected" time="0.000" /><testcase classname="tests.test_dynamic_rings" name="test_client_supplied_price_ignored" time="0.000" /><testcase classname="tests.test_dynamic_rings" name="test_is_checkout_safe_fresh_true" time="0.000" /><testcase classname="tests.test_dynamic_rings" name="test_is_checkout_safe_stale_usable_true" time="0.000" /><testcase classname="tests.test_dynamic_rings" name="test_is_checkout_safe_fallback_false" time="0.000" /><testcase classname="tests.test_dynamic_rings" name="test_is_checkout_safe_expired_false" time="0.000" /><testcase classname="tests.test_dynamic_rings" name="test_threshold_min_50_dollars" time="0.000" /><testcase classname="tests.test_dynamic_rings" name="test_threshold_scales_with_1_percent" time="0.000" /><testcase classname="tests.test_dynamic_rings" name="test_price_move_below_threshold_returns_none" time="0.000" /><testcase classname="tests.test_dynamic_rings" name="test_price_move_exactly_at_threshold_no_trigger" time="0.000" /><testcase classname="tests.test_dynamic_rings" name="test_price_move_above_threshold_triggers" time="0.000" /><testcase classname="tests.test_dynamic_rings" name="test_price_move_50_floor_kicks_in_for_low_ticket" time="0.000" /><testcase classname="tests.test_dynamic_rings" name="test_price_move_missing_displayed_snapshot_never_triggers" time="0.000" /><testcase classname="tests.test_dynamic_rings" name="test_regression_scacco_still_static_usd" time="0.000" /><testcase classname="tests.test_dynamic_rings" name="test_regression_rre_migrated_to_usd" time="0.000" /><testcase classname="tests.test_dynamic_rings" name="test_regression_quadriga_still_static_usd" time="0.000" /><testcase classname="tests.test_dynamic_rings" name="test_regression_bajan_joe_still_static_795_usd" time="0.000" /><testcase classname="tests.test_dynamic_rings" name="test_mixed_currency_defensive_guard_via_fabricated_cad" time="0.000" /><testcase classname="tests.test_dynamic_rings" name="test_two_dynamic_items_ok_all_usd" time="0.000" /><testcase classname="tests.test_fulfillment_operations" name="test_state_machine_allowed_transitions" time="0.000" /><testcase classname="tests.test_fulfillment_operations" name="test_state_machine_rejects_unknown_target" time="0.000" /><testcase classname="tests.test_fulfillment_operations" name="test_eligibility_happy_path" time="0.000" /><testcase classname="tests.test_fulfillment_operations" name="test_eligibility_blocks_pending_payment" time="0.000" /><testcase classname="tests.test_fulfillment_operations" name="test_eligibility_blocks_refunded_order" time="0.000" /><testcase classname="tests.test_fulfillment_operations" name="test_eligibility_blocks_shipping_integrity_hold" time="0.000" /><testcase classname="tests.test_fulfillment_operations" name="test_eligibility_blocks_presentment_integrity_hold" time="0.000" /><testcase classname="tests.test_fulfillment_operations" name="test_eligibility_blocks_manual_hold" time="0.000" /><testcase classname="tests.test_fulfillment_operations" name="test_eligibility_blocks_missing_shipping" time="0.000" /><testcase classname="tests.test_fulfillment_operations" name="test_tracking_sanitize_strips_html_and_spaces" time="0.000" /><testcase classname="tests.test_fulfillment_operations" name="test_tracking_url_prefers_explicit_https" time="0.000" /><testcase classname="tests.test_fulfillment_operations" name="test_tracking_url_rejects_unsafe_explicit" time="0.000" /><testcase classname="tests.test_fulfillment_operations" name="test_tracking_url_canonical_carriers" time="0.000" /><testcase classname="tests.test_fulfillment_operations" name="test_audit_writer_never_stores_money_fields" time="0.000" /><testcase classname="tests.test_fulfillment_operations" name="test_mark_shipped_blocked_by_shipping_integrity_hold" time="0.000" /><testcase classname="tests.test_fulfillment_operations" name="test_mark_shipped_blocked_by_presentment_integrity_hold" time="0.000" /><testcase classname="tests.test_fulfillment_operations" name="test_mark_shipped_blocked_by_manual_hold" time="0.000" /><testcase classname="tests.test_fulfillment_operations" name="test_mark_shipped_happy_path_builds_tracking_url" time="0.000" /><testcase classname="tests.test_fulfillment_operations" name="test_approve_advances_and_audits" time="0.000" /><testcase classname="tests.test_fulfillment_operations" name="test_prepare_requires_approved" time="0.000" /><testcase classname="tests.test_fulfillment_operations" name="test_full_lifecycle_progression" time="0.001" /><testcase classname="tests.test_fulfillment_operations" name="test_hold_records_reason_and_release_requires_integrity" time="0.000" /><testcase classname="tests.test_fulfillment_operations" name="test_release_hold_blocked_when_integrity_broken" time="0.000" /><testcase classname="tests.test_fulfillment_operations" name="test_correct_shipment_records_previous_values" time="0.000" /><testcase classname="tests.test_fulfillment_operations" name="test_correct_shipment_requires_shipped_status" time="0.000" /><testcase classname="tests.test_fulfillment_operations" name="test_queue_rejects_unknown_status" time="0.000" /><testcase classname="tests.test_fulfillment_operations" name="test_queue_returns_serialized_orders_without_secrets" time="0.000" /><testcase classname="tests.test_fulfillment_operations" name="test_hold_rejects_extra_fields" time="0.000" /><testcase classname="tests.test_fulfillment_operations" name="test_transition_rejects_extra_fields" time="0.000" /><testcase classname="tests.test_fulfillment_operations" name="test_correct_shipment_rejects_extra_fields" time="0.000" /><testcase classname="tests.test_full_checkout_audit" name="test_backend_slug_count_matches_84" time="0.000" /><testcase classname="tests.test_full_checkout_audit" name="test_every_supported_slug_has_a_fixture" time="0.000" /><testcase classname="tests.test_full_checkout_audit" name="test_no_orphan_fixtures" time="0.000" /><testcase classname="tests.test_full_checkout_audit" name="test_no_duplicate_fixtures" time="0.000" /><testcase classname="tests.test_full_checkout_audit" name="test_every_product_resolves_to_positive_cents[scacco-matto]" time="0.000" /><testcase classname="tests.test_full_checkout_audit" name="test_every_product_resolves_to_positive_cents[ribbon-regale-edition]" time="0.000" /><testcase classname="tests.test_full_checkout_audit" name="test_every_product_resolves_to_positive_cents[quadriga-dominus]" time="0.000" /><testcase classname="tests.test_full_checkout_audit" name="test_every_product_resolves_to_positive_cents[bajan-joe]" time="0.000" /><testcase classname="tests.test_full_checkout_audit" name="test_every_product_resolves_to_positive_cents[la-marva]" time="0.000" /><testcase classname="tests.test_full_checkout_audit" name="test_every_product_resolves_to_positive_cents[annie-rose]" time="0.000" /><testcase classname="tests.test_full_checkout_audit" name="test_every_product_resolves_to_positive_cents[rhythm-mesh-ring]" time="0.000" /><testcase classname="tests.test_full_checkout_audit" name="test_every_product_resolves_to_positive_cents[tola-ii]" time="0.000" /><testcase classname="tests.test_full_checkout_audit" name="test_every_product_resolves_to_positive_cents[parabola]" time="0.000" /><testcase classname="tests.test_full_checkout_audit" name="test_every_product_resolves_to_positive_cents[parabola-heritage]" time="0.000" /><testcase classname="tests.test_full_checkout_audit" name="test_every_product_resolves_to_positive_cents[ovation]" time="0.000" /><testcase classname="tests.test_full_checkout_audit" name="test_every_product_resolves_to_positive_cents[boss-knot]" time="0.000" /><testcase classname="tests.test_full_checkout_audit" name="test_every_product_resolves_to_positive_cents[lady-boss-knot]" time="0.000" /><testcase classname="tests.test_full_checkout_audit" name="test_every_product_resolves_to_positive_cents[veyron-noir]" time="0.000" /><testcase classname="tests.test_full_checkout_audit" name="test_every_product_resolves_to_positive_cents[wynette-palette]" time="0.000" /><testcase classname="tests.test_full_checkout_audit" name="test_every_product_resolves_to_positive_cents[uncle-jo]" time="0.000" /><testcase classname="tests.test_full_checkout_audit" name="test_every_product_resolves_to_positive_cents[rose-of-sharon]" time="0.000" /><testcase classname="tests.test_full_checkout_audit" name="test_every_product_resolves_to_positive_cents[battenti-della-villa]" time="0.000" /><testcase classname="tests.test_full_checkout_audit" name="test_every_product_resolves_to_positive_cents[gent]" time="0.000" /><testcase classname="tests.test_full_checkout_audit" name="test_every_product_resolves_to_positive_cents[stackrats]" time="0.000" /><testcase classname="tests.test_full_checkout_audit" name="test_every_product_resolves_to_positive_cents[coogi-dna-tag]" time="0.000" /><testcase classname="tests.test_full_checkout_audit" name="test_every_product_resolves_to_positive_cents[katrina-cascata]" time="0.000" /><testcase classname="tests.test_full_checkout_audit" name="test_every_product_resolves_to_positive_cents[true-vine]" time="0.000" /><testcase classname="tests.test_full_checkout_audit" name="test_every_product_resolves_to_positive_cents[bamburgh]" time="0.001" /><testcase classname="tests.test_full_checkout_audit" name="test_every_product_resolves_to_positive_cents[lady-bamburgh]" time="0.000" /><testcase classname="tests.test_full_checkout_audit" name="test_every_product_resolves_to_positive_cents[blessed]" time="0.000" /><testcase classname="tests.test_full_checkout_audit" name="test_every_product_resolves_to_positive_cents[apex]" time="0.000" /><testcase classname="tests.test_full_checkout_audit" name="test_every_product_resolves_to_positive_cents[bound]" time="0.000" /><testcase classname="tests.test_full_checkout_audit" name="test_every_product_resolves_to_positive_cents[morso]" time="0.000" /><testcase classname="tests.test_full_checkout_audit" name="test_every_product_resolves_to_positive_cents[la-bete]" time="0.000" /><testcase classname="tests.test_full_checkout_audit" name="test_every_product_resolves_to_positive_cents[cypher]" time="0.000" /><testcase classname="tests.test_full_checkout_audit" name="test_every_product_resolves_to_positive_cents[coogi-i]" time="0.000" /><testcase classname="tests.test_full_checkout_audit" name="test_every_product_resolves_to_positive_cents[homage]" time="0.000" /><testcase classname="tests.test_full_checkout_audit" name="test_every_product_resolves_to_positive_cents[corinthians-15-14]" time="0.000" /><testcase classname="tests.test_full_checkout_audit" name="test_every_product_resolves_to_positive_cents[trace]" time="0.000" /><testcase classname="tests.test_full_checkout_audit" name="test_every_product_resolves_to_positive_cents[galatians-6-14]" time="0.000" /><testcase classname="tests.test_full_checkout_audit" name="test_every_product_resolves_to_positive_cents[drape]" time="0.000" /><testcase classname="tests.test_full_checkout_audit" name="test_every_product_resolves_to_positive_cents[fondo-curvo]" time="0.000" /><testcase classname="tests.test_full_checkout_audit" name="test_every_product_resolves_to_positive_cents[prise-de-couronne]" time="0.000" /><testcase classname="tests.test_full_checkout_audit" name="test_every_product_resolves_to_positive_cents[nervatura]" time="0.000" /><testcase classname="tests.test_full_checkout_audit" name="test_every_product_resolves_to_positive_cents[the-don-gorgon]" time="0.000" /><testcase classname="tests.test_full_checkout_audit" name="test_every_product_resolves_to_positive_cents[lady-jay]" time="0.000" /><testcase classname="tests.test_full_checkout_audit" name="test_every_product_resolves_to_positive_cents[porta-aurea]" time="0.000" /><testcase classname="tests.test_full_checkout_audit" name="test_every_product_resolves_to_positive_cents[monika-couture]" time="0.000" /><testcase classname="tests.test_full_checkout_audit" name="test_every_product_resolves_to_positive_cents[cocktail-jessica]" time="0.000" /><testcase classname="tests.test_full_checkout_audit" name="test_every_product_resolves_to_positive_cents[rosaria]" time="0.000" /><testcase classname="tests.test_full_checkout_audit" name="test_every_product_resolves_to_positive_cents[alejandra-heels]" time="0.000" /><testcase classname="tests.test_full_checkout_audit" name="test_every_product_resolves_to_positive_cents[desir-corset]" time="0.000" /><testcase classname="tests.test_full_checkout_audit" name="test_every_product_resolves_to_positive_cents[forme-cuff]" time="0.000" /><testcase classname="tests.test_full_checkout_audit" name="test_every_product_resolves_to_positive_cents[ptp-cuff]" time="0.000" /><testcase classname="tests.test_full_checkout_audit" name="test_every_product_resolves_to_positive_cents[iv-first-discovery]" time="0.000" /><testcase classname="tests.test_full_checkout_audit" name="test_every_product_resolves_to_positive_cents[iv-noir-cadence]" time="0.000" /><testcase classname="tests.test_full_checkout_audit" name="test_every_product_resolves_to_positive_cents[iv-liaison]" time="0.000" /><testcase classname="tests.test_full_checkout_audit" name="test_every_product_resolves_to_positive_cents[iv-noir-tide]" time="0.000" /><testcase classname="tests.test_full_checkout_audit" name="test_every_product_resolves_to_positive_cents[iv-prismatic-laurel]" time="0.000" /><testcase classname="tests.test_full_checkout_audit" name="test_every_product_resolves_to_positive_cents[iv-viridian-teardrops]" time="0.000" /><testcase classname="tests.test_full_checkout_audit" name="test_every_product_resolves_to_positive_cents[iv-orbit-lumiere]" time="0.000" /><testcase classname="tests.test_full_checkout_audit" name="test_every_product_resolves_to_positive_cents[iv-deco-eventail]" time="0.000" /><testcase classname="tests.test_full_checkout_audit" name="test_every_product_resolves_to_positive_cents[iv-altar]" time="0.000" /><testcase classname="tests.test_full_checkout_audit" name="test_every_product_resolves_to_positive_cents[iv-caged-wings]" time="0.000" /><testcase classname="tests.test_full_checkout_audit" name="test_every_product_resolves_to_positive_cents[iv-driven]" time="0.001" /><testcase classname="tests.test_full_checkout_audit" name="test_every_product_resolves_to_positive_cents[iv-echelle]" time="0.000" /><testcase classname="tests.test_full_checkout_audit" name="test_every_product_resolves_to_positive_cents[iv-lucent]" time="0.000" /><testcase classname="tests.test_full_checkout_audit" name="test_every_product_resolves_to_positive_cents[iv-monaco]" time="0.000" /><testcase classname="tests.test_full_checkout_audit" name="test_every_product_resolves_to_positive_cents[iv-nova]" time="0.000" /><testcase classname="tests.test_full_checkout_audit" name="test_every_product_resolves_to_positive_cents[iv-oriel]" time="0.000" /><testcase classname="tests.test_full_checkout_audit" name="test_every_product_resolves_to_positive_cents[iv-parabola-atelier]" time="0.000" /><testcase classname="tests.test_full_checkout_audit" name="test_every_product_resolves_to_positive_cents[iv-parallax-drop-earrings]" time="0.000" /><testcase classname="tests.test_full_checkout_audit" name="test_every_product_resolves_to_positive_cents[iv-ribbon-regale]" time="0.000" /><testcase classname="tests.test_full_checkout_audit" name="test_every_product_resolves_to_positive_cents[iv-roseline]" time="0.000" /><testcase classname="tests.test_full_checkout_audit" name="test_every_product_resolves_to_positive_cents[iv-stampede-set]" time="0.000" /><testcase classname="tests.test_full_checkout_audit" name="test_every_product_resolves_to_positive_cents[iv-nightfang-set]" time="0.000" /><testcase classname="tests.test_full_checkout_audit" name="test_every_product_resolves_to_positive_cents[drew-face]" time="0.000" /><testcase classname="tests.test_full_checkout_audit" name="test_every_product_resolves_to_positive_cents[la-madonna]" time="0.000" /><testcase classname="tests.test_full_checkout_audit" name="test_every_product_resolves_to_positive_cents[la-scarpa-della-regina]" time="0.000" /><testcase classname="tests.test_full_checkout_audit" name="test_every_product_resolves_to_positive_cents[midweek]" time="0.000" /><testcase classname="tests.test_full_checkout_audit" name="test_every_product_resolves_to_positive_cents[bape]" time="0.000" /><testcase classname="tests.test_full_checkout_audit" name="test_every_product_resolves_to_positive_cents[lisa]" time="0.000" /><testcase classname="tests.test_full_checkout_audit" name="test_every_product_resolves_to_positive_cents[the-carapace]" time="0.000" /><testcase classname="tests.test_full_checkout_audit" name="test_every_product_resolves_to_positive_cents[neighborhood-nip]" time="0.000" /><testcase classname="tests.test_full_checkout_audit" name="test_every_product_resolves_to_positive_cents[the-grand-dame]" time="0.000" /><testcase classname="tests.test_full_checkout_audit" name="test_every_product_resolves_to_positive_cents[cresta-nera]" time="0.000" /><testcase classname="tests.test_full_checkout_audit" name="test_every_product_resolves_to_positive_cents[retro-bred]" time="0.000" /><testcase classname="tests.test_full_checkout_audit" name="test_every_product_resolves_to_positive_cents[her-eternal-reign]" time="0.000" /><testcase classname="tests.test_full_checkout_audit" name="test_sku_is_deterministic[scacco-matto]" time="0.000" /><testcase classname="tests.test_full_checkout_audit" name="test_sku_is_deterministic[ribbon-regale-edition]" time="0.000" /><testcase classname="tests.test_full_checkout_audit" name="test_sku_is_deterministic[quadriga-dominus]" time="0.000" /><testcase classname="tests.test_full_checkout_audit" name="test_sku_is_deterministic[bajan-joe]" time="0.000" /><testcase classname="tests.test_full_checkout_audit" name="test_sku_is_deterministic[la-marva]" time="0.000" /><testcase classname="tests.test_full_checkout_audit" name="test_sku_is_deterministic[annie-rose]" time="0.000" /><testcase classname="tests.test_full_checkout_audit" name="test_sku_is_deterministic[rhythm-mesh-ring]" time="0.000" /><testcase classname="tests.test_full_checkout_audit" name="test_sku_is_deterministic[tola-ii]" time="0.000" /><testcase classname="tests.test_full_checkout_audit" name="test_sku_is_deterministic[parabola]" time="0.000" /><testcase classname="tests.test_full_checkout_audit" name="test_sku_is_deterministic[parabola-heritage]" time="0.000" /><testcase classname="tests.test_full_checkout_audit" name="test_sku_is_deterministic[ovation]" time="0.000" /><testcase classname="tests.test_full_checkout_audit" name="test_sku_is_deterministic[boss-knot]" time="0.000" /><testcase classname="tests.test_full_checkout_audit" name="test_sku_is_deterministic[lady-boss-knot]" time="0.000" /><testcase classname="tests.test_full_checkout_audit" name="test_sku_is_deterministic[veyron-noir]" time="0.000" /><testcase classname="tests.test_full_checkout_audit" name="test_sku_is_deterministic[wynette-palette]" time="0.000" /><testcase classname="tests.test_full_checkout_audit" name="test_sku_is_deterministic[uncle-jo]" time="0.000" /><testcase classname="tests.test_full_checkout_audit" name="test_sku_is_deterministic[rose-of-sharon]" time="0.000" /><testcase classname="tests.test_full_checkout_audit" name="test_sku_is_deterministic[battenti-della-villa]" time="0.000" /><testcase classname="tests.test_full_checkout_audit" name="test_sku_is_deterministic[gent]" time="0.000" /><testcase classname="tests.test_full_checkout_audit" name="test_sku_is_deterministic[stackrats]" time="0.000" /><testcase classname="tests.test_full_checkout_audit" name="test_sku_is_deterministic[coogi-dna-tag]" time="0.000" /><testcase classname="tests.test_full_checkout_audit" name="test_sku_is_deterministic[katrina-cascata]" time="0.000" /><testcase classname="tests.test_full_checkout_audit" name="test_sku_is_deterministic[true-vine]" time="0.000" /><testcase classname="tests.test_full_checkout_audit" name="test_sku_is_deterministic[bamburgh]" time="0.000" /><testcase classname="tests.test_full_checkout_audit" name="test_sku_is_deterministic[lady-bamburgh]" time="0.000" /><testcase classname="tests.test_full_checkout_audit" name="test_sku_is_deterministic[blessed]" time="0.000" /><testcase classname="tests.test_full_checkout_audit" name="test_sku_is_deterministic[apex]" time="0.000" /><testcase classname="tests.test_full_checkout_audit" name="test_sku_is_deterministic[bound]" time="0.000" /><testcase classname="tests.test_full_checkout_audit" name="test_sku_is_deterministic[morso]" time="0.000" /><testcase classname="tests.test_full_checkout_audit" name="test_sku_is_deterministic[la-bete]" time="0.000" /><testcase classname="tests.test_full_checkout_audit" name="test_sku_is_deterministic[cypher]" time="0.000" /><testcase classname="tests.test_full_checkout_audit" name="test_sku_is_deterministic[coogi-i]" time="0.000" /><testcase classname="tests.test_full_checkout_audit" name="test_sku_is_deterministic[homage]" time="0.000" /><testcase classname="tests.test_full_checkout_audit" name="test_sku_is_deterministic[corinthians-15-14]" time="0.000" /><testcase classname="tests.test_full_checkout_audit" name="test_sku_is_deterministic[trace]" time="0.000" /><testcase classname="tests.test_full_checkout_audit" name="test_sku_is_deterministic[galatians-6-14]" time="0.000" /><testcase classname="tests.test_full_checkout_audit" name="test_sku_is_deterministic[drape]" time="0.000" /><testcase classname="tests.test_full_checkout_audit" name="test_sku_is_deterministic[fondo-curvo]" time="0.000" /><testcase classname="tests.test_full_checkout_audit" name="test_sku_is_deterministic[prise-de-couronne]" time="0.000" /><testcase classname="tests.test_full_checkout_audit" name="test_sku_is_deterministic[nervatura]" time="0.000" /><testcase classname="tests.test_full_checkout_audit" name="test_sku_is_deterministic[the-don-gorgon]" time="0.000" /><testcase classname="tests.test_full_checkout_audit" name="test_sku_is_deterministic[lady-jay]" time="0.000" /><testcase classname="tests.test_full_checkout_audit" name="test_sku_is_deterministic[porta-aurea]" time="0.000" /><testcase classname="tests.test_full_checkout_audit" name="test_sku_is_deterministic[monika-couture]" time="0.000" /><testcase classname="tests.test_full_checkout_audit" name="test_sku_is_deterministic[cocktail-jessica]" time="0.000" /><testcase classname="tests.test_full_checkout_audit" name="test_sku_is_deterministic[rosaria]" time="0.000" /><testcase classname="tests.test_full_checkout_audit" name="test_sku_is_deterministic[alejandra-heels]" time="0.000" /><testcase classname="tests.test_full_checkout_audit" name="test_sku_is_deterministic[desir-corset]" time="0.000" /><testcase classname="tests.test_full_checkout_audit" name="test_sku_is_deterministic[forme-cuff]" time="0.000" /><testcase classname="tests.test_full_checkout_audit" name="test_sku_is_deterministic[ptp-cuff]" time="0.000" /><testcase classname="tests.test_full_checkout_audit" name="test_sku_is_deterministic[iv-first-discovery]" time="0.000" /><testcase classname="tests.test_full_checkout_audit" name="test_sku_is_deterministic[iv-noir-cadence]" time="0.000" /><testcase classname="tests.test_full_checkout_audit" name="test_sku_is_deterministic[iv-liaison]" time="0.000" /><testcase classname="tests.test_full_checkout_audit" name="test_sku_is_deterministic[iv-noir-tide]" time="0.000" /><testcase classname="tests.test_full_checkout_audit" name="test_sku_is_deterministic[iv-prismatic-laurel]" time="0.000" /><testcase classname="tests.test_full_checkout_audit" name="test_sku_is_deterministic[iv-viridian-teardrops]" time="0.000" /><testcase classname="tests.test_full_checkout_audit" name="test_sku_is_deterministic[iv-orbit-lumiere]" time="0.000" /><testcase classname="tests.test_full_checkout_audit" name="test_sku_is_deterministic[iv-deco-eventail]" time="0.000" /><testcase classname="tests.test_full_checkout_audit" name="test_sku_is_deterministic[iv-altar]" time="0.000" /><testcase classname="tests.test_full_checkout_audit" name="test_sku_is_deterministic[iv-caged-wings]" time="0.000" /><testcase classname="tests.test_full_checkout_audit" name="test_sku_is_deterministic[iv-driven]" time="0.000" /><testcase classname="tests.test_full_checkout_audit" name="test_sku_is_deterministic[iv-echelle]" time="0.000" /><testcase classname="tests.test_full_checkout_audit" name="test_sku_is_deterministic[iv-lucent]" time="0.000" /><testcase classname="tests.test_full_checkout_audit" name="test_sku_is_deterministic[iv-monaco]" time="0.000" /><testcase classname="tests.test_full_checkout_audit" name="test_sku_is_deterministic[iv-nova]" time="0.000" /><testcase classname="tests.test_full_checkout_audit" name="test_sku_is_deterministic[iv-oriel]" time="0.000" /><testcase classname="tests.test_full_checkout_audit" name="test_sku_is_deterministic[iv-parabola-atelier]" time="0.000" /><testcase classname="tests.test_full_checkout_audit" name="test_sku_is_deterministic[iv-parallax-drop-earrings]" time="0.000" /><testcase classname="tests.test_full_checkout_audit" name="test_sku_is_deterministic[iv-ribbon-regale]" time="0.000" /><testcase classname="tests.test_full_checkout_audit" name="test_sku_is_deterministic[iv-roseline]" time="0.000" /><testcase classname="tests.test_full_checkout_audit" name="test_sku_is_deterministic[iv-stampede-set]" time="0.000" /><testcase classname="tests.test_full_checkout_audit" name="test_sku_is_deterministic[iv-nightfang-set]" time="0.000" /><testcase classname="tests.test_full_checkout_audit" name="test_sku_is_deterministic[drew-face]" time="0.000" /><testcase classname="tests.test_full_checkout_audit" name="test_sku_is_deterministic[la-madonna]" time="0.000" /><testcase classname="tests.test_full_checkout_audit" name="test_sku_is_deterministic[la-scarpa-della-regina]" time="0.000" /><testcase classname="tests.test_full_checkout_audit" name="test_sku_is_deterministic[midweek]" time="0.000" /><testcase classname="tests.test_full_checkout_audit" name="test_sku_is_deterministic[bape]" time="0.001" /><testcase classname="tests.test_full_checkout_audit" name="test_sku_is_deterministic[lisa]" time="0.000" /><testcase classname="tests.test_full_checkout_audit" name="test_sku_is_deterministic[the-carapace]" time="0.000" /><testcase classname="tests.test_full_checkout_audit" name="test_sku_is_deterministic[neighborhood-nip]" time="0.000" /><testcase classname="tests.test_full_checkout_audit" name="test_sku_is_deterministic[the-grand-dame]" time="0.000" /><testcase classname="tests.test_full_checkout_audit" name="test_sku_is_deterministic[cresta-nera]" time="0.000" /><testcase classname="tests.test_full_checkout_audit" name="test_sku_is_deterministic[retro-bred]" time="0.000" /><testcase classname="tests.test_full_checkout_audit" name="test_sku_is_deterministic[her-eternal-reign]" time="0.000" /><testcase classname="tests.test_full_checkout_audit" name="test_no_duplicate_skus_across_fixtures" time="0.001" /><testcase classname="tests.test_full_checkout_audit" name="test_http_normal_path_reaches_stripe_or_payment_gate[scacco-matto]" time="0.008" /><testcase classname="tests.test_full_checkout_audit" name="test_http_normal_path_reaches_stripe_or_payment_gate[ribbon-regale-edition]" time="0.009" /><testcase classname="tests.test_full_checkout_audit" name="test_http_normal_path_reaches_stripe_or_payment_gate[quadriga-dominus]" time="0.009" /><testcase classname="tests.test_full_checkout_audit" name="test_http_normal_path_reaches_stripe_or_payment_gate[bajan-joe]" time="0.008" /><testcase classname="tests.test_full_checkout_audit" name="test_http_normal_path_reaches_stripe_or_payment_gate[la-marva]" time="0.008" /><testcase classname="tests.test_full_checkout_audit" name="test_http_normal_path_reaches_stripe_or_payment_gate[annie-rose]" time="0.008" /><testcase classname="tests.test_full_checkout_audit" name="test_http_normal_path_reaches_stripe_or_payment_gate[rhythm-mesh-ring]" time="0.010" /><testcase classname="tests.test_full_checkout_audit" name="test_http_normal_path_reaches_stripe_or_payment_gate[tola-ii]" time="0.008" /><testcase classname="tests.test_full_checkout_audit" name="test_http_normal_path_reaches_stripe_or_payment_gate[parabola]" time="0.008" /><testcase classname="tests.test_full_checkout_audit" name="test_http_normal_path_reaches_stripe_or_payment_gate[parabola-heritage]" time="0.008" /><testcase classname="tests.test_full_checkout_audit" name="test_http_normal_path_reaches_stripe_or_payment_gate[ovation]" time="0.006" /><testcase classname="tests.test_full_checkout_audit" name="test_http_normal_path_reaches_stripe_or_payment_gate[boss-knot]" time="0.007" /><testcase classname="tests.test_full_checkout_audit" name="test_http_normal_path_reaches_stripe_or_payment_gate[lady-boss-knot]" time="0.008" /><testcase classname="tests.test_full_checkout_audit" name="test_http_normal_path_reaches_stripe_or_payment_gate[veyron-noir]" time="0.008" /><testcase classname="tests.test_full_checkout_audit" name="test_http_normal_path_reaches_stripe_or_payment_gate[wynette-palette]" time="0.008" /><testcase classname="tests.test_full_checkout_audit" name="test_http_normal_path_reaches_stripe_or_payment_gate[uncle-jo]" time="0.008" /><testcase classname="tests.test_full_checkout_audit" name="test_http_normal_path_reaches_stripe_or_payment_gate[rose-of-sharon]" time="0.007" /><testcase classname="tests.test_full_checkout_audit" name="test_http_normal_path_reaches_stripe_or_payment_gate[battenti-della-villa]" time="0.008" /><testcase classname="tests.test_full_checkout_audit" name="test_http_normal_path_reaches_stripe_or_payment_gate[gent]" time="0.008" /><testcase classname="tests.test_full_checkout_audit" name="test_http_normal_path_reaches_stripe_or_payment_gate[stackrats]" time="0.007" /><testcase classname="tests.test_full_checkout_audit" name="test_http_normal_path_reaches_stripe_or_payment_gate[coogi-dna-tag]" time="0.009" /><testcase classname="tests.test_full_checkout_audit" name="test_http_normal_path_reaches_stripe_or_payment_gate[katrina-cascata]" time="0.008" /><testcase classname="tests.test_full_checkout_audit" name="test_http_normal_path_reaches_stripe_or_payment_gate[true-vine]" time="0.008" /><testcase classname="tests.test_full_checkout_audit" name="test_http_normal_path_reaches_stripe_or_payment_gate[bamburgh]" time="0.007" /><testcase classname="tests.test_full_checkout_audit" name="test_http_normal_path_reaches_stripe_or_payment_gate[lady-bamburgh]" time="0.007" /><testcase classname="tests.test_full_checkout_audit" name="test_http_normal_path_reaches_stripe_or_payment_gate[blessed]" time="0.007" /><testcase classname="tests.test_full_checkout_audit" name="test_http_normal_path_reaches_stripe_or_payment_gate[apex]" time="0.008" /><testcase classname="tests.test_full_checkout_audit" name="test_http_normal_path_reaches_stripe_or_payment_gate[bound]" time="0.008" /><testcase classname="tests.test_full_checkout_audit" name="test_http_normal_path_reaches_stripe_or_payment_gate[morso]" time="0.007" /><testcase classname="tests.test_full_checkout_audit" name="test_http_normal_path_reaches_stripe_or_payment_gate[la-bete]" time="0.007" /><testcase classname="tests.test_full_checkout_audit" name="test_http_normal_path_reaches_stripe_or_payment_gate[cypher]" time="0.007" /><testcase classname="tests.test_full_checkout_audit" name="test_http_normal_path_reaches_stripe_or_payment_gate[coogi-i]" time="0.007" /><testcase classname="tests.test_full_checkout_audit" name="test_http_normal_path_reaches_stripe_or_payment_gate[homage]" time="0.007" /><testcase classname="tests.test_full_checkout_audit" name="test_http_normal_path_reaches_stripe_or_payment_gate[corinthians-15-14]" time="0.007" /><testcase classname="tests.test_full_checkout_audit" name="test_http_normal_path_reaches_stripe_or_payment_gate[trace]" time="0.006" /><testcase classname="tests.test_full_checkout_audit" name="test_http_normal_path_reaches_stripe_or_payment_gate[galatians-6-14]" time="0.007" /><testcase classname="tests.test_full_checkout_audit" name="test_http_normal_path_reaches_stripe_or_payment_gate[drape]" time="0.007" /><testcase classname="tests.test_full_checkout_audit" name="test_http_normal_path_reaches_stripe_or_payment_gate[fondo-curvo]" time="0.007" /><testcase classname="tests.test_full_checkout_audit" name="test_http_normal_path_reaches_stripe_or_payment_gate[prise-de-couronne]" time="0.007" /><testcase classname="tests.test_full_checkout_audit" name="test_http_normal_path_reaches_stripe_or_payment_gate[nervatura]" time="0.007" /><testcase classname="tests.test_full_checkout_audit" name="test_http_normal_path_reaches_stripe_or_payment_gate[the-don-gorgon]" time="0.007" /><testcase classname="tests.test_full_checkout_audit" name="test_http_normal_path_reaches_stripe_or_payment_gate[lady-jay]" time="0.007" /><testcase classname="tests.test_full_checkout_audit" name="test_http_normal_path_reaches_stripe_or_payment_gate[porta-aurea]" time="0.006" /><testcase classname="tests.test_full_checkout_audit" name="test_http_normal_path_reaches_stripe_or_payment_gate[monika-couture]" time="0.008" /><testcase classname="tests.test_full_checkout_audit" name="test_http_normal_path_reaches_stripe_or_payment_gate[cocktail-jessica]" time="0.007" /><testcase classname="tests.test_full_checkout_audit" name="test_http_normal_path_reaches_stripe_or_payment_gate[rosaria]" time="0.007" /><testcase classname="tests.test_full_checkout_audit" name="test_http_normal_path_reaches_stripe_or_payment_gate[alejandra-heels]" time="0.007" /><testcase classname="tests.test_full_checkout_audit" name="test_http_normal_path_reaches_stripe_or_payment_gate[desir-corset]" time="0.007" /><testcase classname="tests.test_full_checkout_audit" name="test_http_normal_path_reaches_stripe_or_payment_gate[forme-cuff]" time="0.007" /><testcase classname="tests.test_full_checkout_audit" name="test_http_normal_path_reaches_stripe_or_payment_gate[ptp-cuff]" time="0.007" /><testcase classname="tests.test_full_checkout_audit" name="test_http_normal_path_reaches_stripe_or_payment_gate[iv-first-discovery]" time="0.007" /><testcase classname="tests.test_full_checkout_audit" name="test_http_normal_path_reaches_stripe_or_payment_gate[iv-noir-cadence]" time="0.010" /><testcase classname="tests.test_full_checkout_audit" name="test_http_normal_path_reaches_stripe_or_payment_gate[iv-liaison]" time="0.012" /><testcase classname="tests.test_full_checkout_audit" name="test_http_normal_path_reaches_stripe_or_payment_gate[iv-noir-tide]" time="0.010" /><testcase classname="tests.test_full_checkout_audit" name="test_http_normal_path_reaches_stripe_or_payment_gate[iv-prismatic-laurel]" time="0.011" /><testcase classname="tests.test_full_checkout_audit" name="test_http_normal_path_reaches_stripe_or_payment_gate[iv-viridian-teardrops]" time="0.011" /><testcase classname="tests.test_full_checkout_audit" name="test_http_normal_path_reaches_stripe_or_payment_gate[iv-orbit-lumiere]" time="0.010" /><testcase classname="tests.test_full_checkout_audit" name="test_http_normal_path_reaches_stripe_or_payment_gate[iv-deco-eventail]" time="0.009" /><testcase classname="tests.test_full_checkout_audit" name="test_http_normal_path_reaches_stripe_or_payment_gate[iv-altar]" time="0.008" /><testcase classname="tests.test_full_checkout_audit" name="test_http_normal_path_reaches_stripe_or_payment_gate[iv-caged-wings]" time="0.008" /><testcase classname="tests.test_full_checkout_audit" name="test_http_normal_path_reaches_stripe_or_payment_gate[iv-driven]" time="0.007" /><testcase classname="tests.test_full_checkout_audit" name="test_http_normal_path_reaches_stripe_or_payment_gate[iv-echelle]" time="0.007" /><testcase classname="tests.test_full_checkout_audit" name="test_http_normal_path_reaches_stripe_or_payment_gate[iv-lucent]" time="0.007" /><testcase classname="tests.test_full_checkout_audit" name="test_http_normal_path_reaches_stripe_or_payment_gate[iv-monaco]" time="0.009" /><testcase classname="tests.test_full_checkout_audit" name="test_http_normal_path_reaches_stripe_or_payment_gate[iv-nova]" time="0.009" /><testcase classname="tests.test_full_checkout_audit" name="test_http_normal_path_reaches_stripe_or_payment_gate[iv-oriel]" time="0.008" /><testcase classname="tests.test_full_checkout_audit" name="test_http_normal_path_reaches_stripe_or_payment_gate[iv-parabola-atelier]" time="0.008" /><testcase classname="tests.test_full_checkout_audit" name="test_http_normal_path_reaches_stripe_or_payment_gate[iv-parallax-drop-earrings]" time="0.009" /><testcase classname="tests.test_full_checkout_audit" name="test_http_normal_path_reaches_stripe_or_payment_gate[iv-ribbon-regale]" time="0.007" /><testcase classname="tests.test_full_checkout_audit" name="test_http_normal_path_reaches_stripe_or_payment_gate[iv-roseline]" time="0.008" /><testcase classname="tests.test_full_checkout_audit" name="test_http_normal_path_reaches_stripe_or_payment_gate[iv-stampede-set]" time="0.007" /><testcase classname="tests.test_full_checkout_audit" name="test_http_normal_path_reaches_stripe_or_payment_gate[iv-nightfang-set]" time="0.007" /><testcase classname="tests.test_full_checkout_audit" name="test_http_normal_path_reaches_stripe_or_payment_gate[drew-face]" time="0.006" /><testcase classname="tests.test_full_checkout_audit" name="test_http_normal_path_reaches_stripe_or_payment_gate[la-madonna]" time="0.007" /><testcase classname="tests.test_full_checkout_audit" name="test_http_normal_path_reaches_stripe_or_payment_gate[la-scarpa-della-regina]" time="0.008" /><testcase classname="tests.test_full_checkout_audit" name="test_http_normal_path_reaches_stripe_or_payment_gate[midweek]" time="0.008" /><testcase classname="tests.test_full_checkout_audit" name="test_http_normal_path_reaches_stripe_or_payment_gate[bape]" time="0.007" /><testcase classname="tests.test_full_checkout_audit" name="test_http_normal_path_reaches_stripe_or_payment_gate[lisa]" time="0.007" /><testcase classname="tests.test_full_checkout_audit" name="test_http_normal_path_reaches_stripe_or_payment_gate[the-carapace]" time="0.008" /><testcase classname="tests.test_full_checkout_audit" name="test_http_normal_path_reaches_stripe_or_payment_gate[neighborhood-nip]" time="0.007" /><testcase classname="tests.test_full_checkout_audit" name="test_http_normal_path_reaches_stripe_or_payment_gate[the-grand-dame]" time="0.007" /><testcase classname="tests.test_full_checkout_audit" name="test_http_normal_path_reaches_stripe_or_payment_gate[cresta-nera]" time="0.008" /><testcase classname="tests.test_full_checkout_audit" name="test_http_normal_path_reaches_stripe_or_payment_gate[retro-bred]" time="0.007" /><testcase classname="tests.test_full_checkout_audit" name="test_http_normal_path_reaches_stripe_or_payment_gate[her-eternal-reign]" time="0.007" /><testcase classname="tests.test_full_checkout_audit" name="test_static_products_ignore_client_price[scacco-matto-kwargs0]" time="0.006" /><testcase classname="tests.test_full_checkout_audit" name="test_static_products_ignore_client_price[bajan-joe-kwargs1]" time="0.038" /><testcase classname="tests.test_full_checkout_audit" name="test_static_products_ignore_client_price[iv-altar-kwargs2]" time="0.008" /><testcase classname="tests.test_full_checkout_audit" name="test_static_products_ignore_client_price[the-grand-dame-kwargs3]" time="0.009" /><testcase classname="tests.test_full_checkout_audit" name="test_static_products_ignore_client_price[cresta-nera-kwargs4]" time="0.008" /><testcase classname="tests.test_full_checkout_audit" name="test_dynamic_products_reject_tampered_price[la-marva-kwargs0]" time="0.004" /><testcase classname="tests.test_full_checkout_audit" name="test_dynamic_products_reject_tampered_price[bamburgh-kwargs1]" time="0.003" /><testcase classname="tests.test_full_checkout_audit" name="test_dynamic_products_reject_tampered_price[apex-kwargs2]" time="0.004" /><testcase classname="tests.test_full_checkout_audit" name="test_mixed_currency_forged_request_rejected" time="0.007" /><testcase classname="tests.test_full_checkout_audit" name="test_ribbon_regale_vault_and_edition_are_distinct" time="0.000" /><testcase classname="tests.test_fx_display" name="test_snapshot_populates_all_supported_currencies" time="0.000" /><testcase classname="tests.test_fx_display" name="test_snapshot_uses_fresh_cache_within_ttl" time="0.000" /><testcase classname="tests.test_fx_display" name="test_snapshot_serves_stale_when_within_48h" time="0.000" /><testcase classname="tests.test_fx_display" name="test_snapshot_returns_none_when_beyond_48h" time="0.000" /><testcase classname="tests.test_fx_display" name="test_convert_usd_cents_usd_identity" time="0.000" /><testcase classname="tests.test_fx_display" name="test_convert_usd_cents_cad" time="0.000" /><testcase classname="tests.test_fx_display" name="test_convert_usd_cents_jpy_no_minor_units" time="0.000" /><testcase classname="tests.test_fx_display" name="test_convert_usd_cents_unsupported_returns_none" time="0.000" /><testcase classname="tests.test_fx_display" name="test_convert_usd_cents_no_snapshot_returns_none" time="0.000" /><testcase classname="tests.test_grand_dame" name="test_grand_dame_trusted_price_and_sku[rose_foundation-950000-ROSE-FND]" time="0.000" /><testcase classname="tests.test_grand_dame" name="test_grand_dame_trusted_price_and_sku[rose_signature-1250000-ROSE-SIG]" time="0.000" /><testcase classname="tests.test_grand_dame" name="test_grand_dame_trusted_price_and_sku[rose_heirloom-1700000-ROSE-HRL]" time="0.000" /><testcase classname="tests.test_grand_dame" name="test_grand_dame_trusted_price_and_sku[yellow_foundation-950000-YEL-FND]" time="0.000" /><testcase classname="tests.test_grand_dame" name="test_grand_dame_trusted_price_and_sku[yellow_signature-1250000-YEL-SIG]" time="0.000" /><testcase classname="tests.test_grand_dame" name="test_grand_dame_trusted_price_and_sku[yellow_heirloom-1700000-YEL-HRL]" time="0.000" /><testcase classname="tests.test_grand_dame" name="test_grand_dame_is_supported" time="0.000" /><testcase classname="tests.test_grand_dame" name="test_grand_dame_is_static" time="0.000" /><testcase classname="tests.test_grand_dame" name="test_grand_dame_invalid_tier_rejected" time="0.000" /><testcase classname="tests.test_grand_dame" name="test_grand_dame_missing_tier_rejected" time="0.000" /><testcase classname="tests.test_grand_dame" name="test_grand_dame_does_not_require_ring_size" time="0.000" /><testcase classname="tests.test_grand_dame" name="test_client_supplied_price_is_ignored_for_grand_dame" time="0.000" /><testcase classname="tests.test_grand_dame" name="test_stale_pricing_engine_entry_is_not_the_source" time="0.000" /><testcase classname="tests.test_her_eternal_reign" name="test_her_pricing_matrix[US 6-10k-17-499500-HER-10K-F17-SZ6]" time="0.001" /><testcase classname="tests.test_her_eternal_reign" name="test_her_pricing_matrix[US 6.5-14k-17-649500-HER-14K-F17-SZ6-5]" time="0.000" /><testcase classname="tests.test_her_eternal_reign" name="test_her_pricing_matrix[US 7-10k-17-499500-HER-10K-F17-SZ7]" time="0.000" /><testcase classname="tests.test_her_eternal_reign" name="test_her_pricing_matrix[US 7-14k-17-649500-HER-14K-F17-SZ7]" time="0.000" /><testcase classname="tests.test_her_eternal_reign" name="test_her_pricing_matrix[US 7-18k-17-759500-HER-18K-F17-SZ7]" time="0.000" /><testcase classname="tests.test_her_eternal_reign" name="test_her_pricing_matrix[US 7.5-10k-18-522000-HER-10K-F18-SZ7-5]" time="0.000" /><testcase classname="tests.test_her_eternal_reign" name="test_her_pricing_matrix[US 8-10k-18-522000-HER-10K-F18-SZ8]" time="0.000" /><testcase classname="tests.test_her_eternal_reign" name="test_her_pricing_matrix[US 8-14k-18-674500-HER-14K-F18-SZ8]" time="0.000" /><testcase classname="tests.test_her_eternal_reign" name="test_her_pricing_matrix[US 8-18k-18-789500-HER-18K-F18-SZ8]" time="0.000" /><testcase classname="tests.test_her_eternal_reign" name="test_her_pricing_matrix[US 8.5-18k-19-819500-HER-18K-F19-SZ8-5]" time="0.000" /><testcase classname="tests.test_her_eternal_reign" name="test_her_pricing_matrix[US 9-10k-19-544500-HER-10K-F19-SZ9]" time="0.000" /><testcase classname="tests.test_her_eternal_reign" name="test_her_pricing_matrix[US 9-14k-19-699500-HER-14K-F19-SZ9]" time="0.000" /><testcase classname="tests.test_her_eternal_reign" name="test_her_pricing_matrix[US 9-18k-19-819500-HER-18K-F19-SZ9]" time="0.000" /><testcase classname="tests.test_her_eternal_reign" name="test_her_pricing_matrix[US 9.5-14k-20-724500-HER-14K-F20-SZ9-5]" time="0.000" /><testcase classname="tests.test_her_eternal_reign" name="test_her_pricing_matrix[US 10-10k-20-567000-HER-10K-F20-SZ10]" time="0.000" /><testcase classname="tests.test_her_eternal_reign" name="test_her_pricing_matrix[US 10-14k-20-724500-HER-14K-F20-SZ10]" time="0.000" /><testcase classname="tests.test_her_eternal_reign" name="test_her_pricing_matrix[US 10-18k-20-849500-HER-18K-F20-SZ10]" time="0.000" /><testcase classname="tests.test_her_eternal_reign" name="test_her_is_supported" time="0.000" /><testcase classname="tests.test_her_eternal_reign" name="test_her_is_static" time="0.000" /><testcase classname="tests.test_her_eternal_reign" name="test_size_5_rejected" time="0.000" /><testcase classname="tests.test_her_eternal_reign" name="test_size_10_5_rejected" time="0.000" /><testcase classname="tests.test_her_eternal_reign" name="test_malformed_half_size_rejected" time="0.000" /><testcase classname="tests.test_her_eternal_reign" name="test_invalid_karat_rejected" time="0.000" /><testcase classname="tests.test_her_eternal_reign" name="test_missing_ring_size_rejected" time="0.000" /><testcase classname="tests.test_her_eternal_reign" name="test_missing_tier_rejected" time="0.000" /><testcase classname="tests.test_her_eternal_reign" name="test_client_price_ignored" time="0.000" /><testcase classname="tests.test_her_eternal_reign" name="test_figure_count_is_derived_server_side" time="0.000" /><testcase classname="tests.test_her_eternal_reign" name="test_mixed_currency_defensive_guard_still_active_post_migration" time="0.000" /><testcase classname="tests.test_her_eternal_reign" name="test_sku_deterministic" time="0.000" /><testcase classname="tests.test_i18n_routes" name="test_list_currencies" time="0.001" /><testcase classname="tests.test_i18n_routes" name="test_currency_preview_country_hints" time="0.004" /><testcase classname="tests.test_i18n_routes" name="test_rates_endpoint_returns_shape" time="0.082" /><testcase classname="tests.test_legacy_orders_router_disabled" name="test_legacy_orders_endpoints_return_410[POST-/api/orders]" time="0.002" /><testcase classname="tests.test_legacy_orders_router_disabled" name="test_legacy_orders_endpoints_return_410[POST-/api/orders/calculate-shipping]" time="0.002" /><testcase classname="tests.test_legacy_orders_router_disabled" name="test_legacy_orders_endpoints_return_410[GET-/api/orders]" time="0.001" /><testcase classname="tests.test_legacy_orders_router_disabled" name="test_legacy_orders_endpoints_return_410[GET-/api/orders/some-id]" time="0.001" /><testcase classname="tests.test_legacy_orders_router_disabled" name="test_legacy_orders_endpoints_return_410[PUT-/api/orders/some-id/status]" time="0.001" /><testcase classname="tests.test_legacy_orders_router_disabled" name="test_legacy_orders_router_has_no_shipping_logic" time="0.000" /><testcase classname="tests.test_metal_spot" name="test_no_api_key_uses_gold_api_fallback" time="0.000" /><testcase classname="tests.test_metal_spot" name="test_no_key_and_gold_api_down_returns_dev_fallback" time="0.000" /><testcase classname="tests.test_metal_spot" name="test_provider_success_returns_trusted_fresh" time="0.000" /><testcase classname="tests.test_metal_spot" name="test_fresh_cache_under_10min_no_network_call" time="0.000" /><testcase classname="tests.test_metal_spot" name="test_cache_10_to_30_min_triggers_refresh_attempt" time="0.000" /><testcase classname="tests.test_metal_spot" name="test_refresh_success_returns_new_trusted_value" time="0.000" /><testcase classname="tests.test_metal_spot" name="test_refresh_fail_at_15min_returns_trusted_stale" time="0.000" /><testcase classname="tests.test_metal_spot" name="test_cache_over_30min_provider_success_returns_fresh" time="0.000" /><testcase classname="tests.test_metal_spot" name="test_cache_over_30min_provider_fail_returns_fallback_not_expired_trusted" time="0.000" /><testcase classname="tests.test_metal_spot" name="test_force_refresh_bypasses_fresh_cache" time="0.000" /><testcase classname="tests.test_metal_spot" name="test_provider_failure_never_overwrites_valid_trusted_cache" time="0.000" /><testcase classname="tests.test_metal_spot" name="test_is_checkout_safe_fresh_provider_true" time="0.000" /><testcase classname="tests.test_metal_spot" name="test_is_checkout_safe_stale_under_30min_true" time="0.000" /><testcase classname="tests.test_metal_spot" name="test_is_checkout_safe_fallback_false" time="0.000" /><testcase classname="tests.test_metal_spot" name="test_is_checkout_safe_over_30min_provider_false" time="0.000" /><tes
[...]
_reconciliation" name="test_reconciliation_ok_when_stripe_amount_matches_trusted_zone[MX-9500-INTL_TIER_2-classic]" time="0.000" /><testcase classname="tests.test_shipping_reconciliation" name="test_reconciliation_ok_when_stripe_amount_matches_trusted_zone[MX-9500-INTL_TIER_2-modern]" time="0.000" /><testcase classname="tests.test_shipping_reconciliation" name="test_reconciliation_flags_mismatch_when_stripe_amount_differs" time="0.000" /><testcase classname="tests.test_shipping_reconciliation" name="test_reconciliation_flags_mismatch_when_country_unsupported" time="0.000" /><testcase classname="tests.test_shipping_reconciliation" name="test_reconciliation_sets_po_box_flag_advisory_only" time="0.000" /><testcase classname="tests.test_shipping_reconciliation" name="test_reconciliation_does_not_flag_street_address_as_po_box" time="0.000" /><testcase classname="tests.test_shipping_reconciliation" name="test_reconciliation_signature_required_at_exactly_500_usd" time="0.000" /><testcase classname="tests.test_shipping_reconciliation" name="test_reconciliation_signature_not_required_at_499_99_usd" time="0.000" /><testcase classname="tests.test_shipping_reconciliation" name="test_reconciliation_never_mutates_the_input_session" time="0.000" /><testcase classname="tests.test_shipping_zones" name="test_ca_rate_is_zero_cents" time="0.000" /><testcase classname="tests.test_shipping_zones" name="test_us_rate_is_3500_cents" time="0.000" /><testcase classname="tests.test_shipping_zones" name="test_intl_tier_1_rate_is_6500_cents" time="0.000" /><testcase classname="tests.test_shipping_zones" name="test_intl_tier_2_rate_is_9500_cents" time="0.000" /><testcase classname="tests.test_shipping_zones" name="test_signature_threshold_is_50000_cents_usd" time="0.000" /><testcase classname="tests.test_shipping_zones" name="test_currency_is_usd_only" time="0.000" /><testcase classname="tests.test_shipping_zones" name="test_resolve_zone_maps_country_to_expected_zone[CA-CA]" time="0.000" /><testcase classname="tests.test_shipping_zones" name="test_resolve_zone_maps_country_to_expected_zone[US-US]" time="0.000" /><testcase classname="tests.test_shipping_zones" name="test_resolve_zone_maps_country_to_expected_zone[GB-INTL_TIER_1]" time="0.000" /><testcase classname="tests.test_shipping_zones" name="test_resolve_zone_maps_country_to_expected_zone[IE-INTL_TIER_1]" time="0.000" /><testcase classname="tests.test_shipping_zones" name="test_resolve_zone_maps_country_to_expected_zone[FR-INTL_TIER_1]" time="0.000" /><testcase classname="tests.test_shipping_zones" name="test_resolve_zone_maps_country_to_expected_zone[DE-INTL_TIER_1]" time="0.000" /><testcase classname="tests.test_shipping_zones" name="test_resolve_zone_maps_country_to_expected_zone[IT-INTL_TIER_1]" time="0.000" /><testcase classname="tests.test_shipping_zones" name="test_resolve_zone_maps_country_to_expected_zone[ES-INTL_TIER_1]" time="0.000" /><testcase classname="tests.test_shipping_zones" name="test_resolve_zone_maps_country_to_expected_zone[PT-INTL_TIER_1]" time="0.000" /><testcase classname="tests.test_shipping_zones" name="test_resolve_zone_maps_country_to_expected_zone[NL-INTL_TIER_1]" time="0.000" /><testcase classname="tests.test_shipping_zones" name="test_resolve_zone_maps_country_to_expected_zone[BE-INTL_TIER_1]" time="0.000" /><testcase classname="tests.test_shipping_zones" name="test_resolve_zone_maps_country_to_expected_zone[LU-INTL_TIER_1]" time="0.001" /><testcase classname="tests.test_shipping_zones" name="test_resolve_zone_maps_country_to_expected_zone[AT-INTL_TIER_1]" time="0.000" /><testcase classname="tests.test_shipping_zones" name="test_resolve_zone_maps_country_to_expected_zone[CH-INTL_TIER_1]" time="0.000" /><testcase classname="tests.test_shipping_zones" name="test_resolve_zone_maps_country_to_expected_zone[DK-INTL_TIER_1]" time="0.000" /><testcase classname="tests.test_shipping_zones" name="test_resolve_zone_maps_country_to_expected_zone[SE-INTL_TIER_1]" time="0.001" /><testcase classname="tests.test_shipping_zones" name="test_resolve_zone_maps_country_to_expected_zone[NO-INTL_TIER_1]" time="0.000" /><testcase classname="tests.test_shipping_zones" name="test_resolve_zone_maps_country_to_expected_zone[FI-INTL_TIER_1]" time="0.000" /><testcase classname="tests.test_shipping_zones" name="test_resolve_zone_maps_country_to_expected_zone[IS-INTL_TIER_1]" time="0.000" /><testcase classname="tests.test_shipping_zones" name="test_resolve_zone_maps_country_to_expected_zone[AU-INTL_TIER_1]" time="0.000" /><testcase classname="tests.test_shipping_zones" name="test_resolve_zone_maps_country_to_expected_zone[NZ-INTL_TIER_1]" time="0.000" /><testcase classname="tests.test_shipping_zones" name="test_resolve_zone_maps_country_to_expected_zone[JP-INTL_TIER_1]" time="0.000" /><testcase classname="tests.test_shipping_zones" name="test_resolve_zone_maps_country_to_expected_zone[SG-INTL_TIER_1]" time="0.000" /><testcase classname="tests.test_shipping_zones" name="test_resolve_zone_maps_country_to_expected_zone[HK-INTL_TIER_1]" time="0.000" /><testcase classname="tests.test_shipping_zones" name="test_resolve_zone_maps_country_to_expected_zone[KR-INTL_TIER_1]" time="0.000" /><testcase classname="tests.test_shipping_zones" name="test_resolve_zone_maps_country_to_expected_zone[AE-INTL_TIER_2]" time="0.000" /><testcase classname="tests.test_shipping_zones" name="test_resolve_zone_maps_country_to_expected_zone[QA-INTL_TIER_2]" time="0.000" /><testcase classname="tests.test_shipping_zones" name="test_resolve_zone_maps_country_to_expected_zone[KW-INTL_TIER_2]" time="0.000" /><testcase classname="tests.test_shipping_zones" name="test_resolve_zone_maps_country_to_expected_zone[BH-INTL_TIER_2]" time="0.000" /><testcase classname="tests.test_shipping_zones" name="test_resolve_zone_maps_country_to_expected_zone[OM-INTL_TIER_2]" time="0.000" /><testcase classname="tests.test_shipping_zones" name="test_resolve_zone_maps_country_to_expected_zone[SA-INTL_TIER_2]" time="0.000" /><testcase classname="tests.test_shipping_zones" name="test_resolve_zone_maps_country_to_expected_zone[MX-INTL_TIER_2]" time="0.000" /><testcase classname="tests.test_shipping_zones" name="test_resolve_zone_maps_country_to_expected_zone[BR-INTL_TIER_2]" time="0.000" /><testcase classname="tests.test_shipping_zones" name="test_resolve_zone_maps_country_to_expected_zone[TW-INTL_TIER_2]" time="0.000" /><testcase classname="tests.test_shipping_zones" name="test_resolve_zone_maps_country_to_expected_zone[MY-INTL_TIER_2]" time="0.000" /><testcase classname="tests.test_shipping_zones" name="test_resolve_zone_maps_country_to_expected_zone[TH-INTL_TIER_2]" time="0.000" /><testcase classname="tests.test_shipping_zones" name="test_resolve_zone_maps_country_to_expected_zone[ZA-INTL_TIER_2]" time="0.000" /><testcase classname="tests.test_shipping_zones" name="test_resolve_zone_is_case_insensitive_and_trimmed" time="0.000" /><testcase classname="tests.test_shipping_zones" name="test_unsupported_country_rejected[RU]" time="0.000" /><testcase classname="tests.test_shipping_zones" name="test_unsupported_country_rejected[KP]" time="0.000" /><testcase classname="tests.test_shipping_zones" name="test_unsupported_country_rejected[IR]" time="0.000" /><testcase classname="tests.test_shipping_zones" name="test_unsupported_country_rejected[SY]" time="0.000" /><testcase classname="tests.test_shipping_zones" name="test_unsupported_country_rejected[CU]" time="0.000" /><testcase classname="tests.test_shipping_zones" name="test_unsupported_country_rejected[BY]" time="0.000" /><testcase classname="tests.test_shipping_zones" name="test_unsupported_country_rejected[MM]" time="0.000" /><testcase classname="tests.test_shipping_zones" name="test_invalid_country_format_rejected[]" time="0.000" /><testcase classname="tests.test_shipping_zones" name="test_invalid_country_format_rejected[C]" time="0.000" /><testcase classname="tests.test_shipping_zones" name="test_invalid_country_format_rejected[CAN]" time="0.000" /><testcase classname="tests.test_shipping_zones" name="test_invalid_country_format_rejected[12]" time="0.000" /><testcase classname="tests.test_shipping_zones" name="test_invalid_country_format_rejected[None]" time="0.000" /><testcase classname="tests.test_shipping_zones" name="test_invalid_country_format_rejected[123]" time="0.000" /><testcase classname="tests.test_shipping_zones" name="test_invalid_country_format_rejected[ca!]" time="0.000" /><testcase classname="tests.test_shipping_zones" name="test_all_allowed_countries_union" time="0.000" /><testcase classname="tests.test_shipping_zones" name="test_build_stripe_shipping_option_returns_exactly_one_trusted_entry[CA-0-Standard Shipping \u2014 Canada]" time="0.000" /><testcase classname="tests.test_shipping_zones" name="test_build_stripe_shipping_option_returns_exactly_one_trusted_entry[US-3500-Standard Shipping \u2014 United States]" time="0.000" /><testcase classname="tests.test_shipping_zones" name="test_build_stripe_shipping_option_returns_exactly_one_trusted_entry[GB-6500-International Standard \u2014 Tier 1]" time="0.000" /><testcase classname="tests.test_shipping_zones" name="test_build_stripe_shipping_option_returns_exactly_one_trusted_entry[MX-9500-International Standard \u2014 Tier 2]" time="0.000" /><testcase classname="tests.test_shipping_zones" name="test_build_stripe_shipping_option_rejects_unsupported" time="0.000" /><testcase classname="tests.test_shipping_zones" name="test_signature_required_below_threshold_is_false" time="0.000" /><testcase classname="tests.test_shipping_zones" name="test_signature_required_at_threshold_is_true" time="0.000" /><testcase classname="tests.test_shipping_zones" name="test_signature_required_above_threshold_is_true" time="0.000" /><testcase classname="tests.test_shipping_zones" name="test_signature_requires_zone_capability" time="0.000" /><testcase classname="tests.test_shipping_zones" name="test_looks_like_po_box[PO Box 123-True]" time="0.000" /><testcase classname="tests.test_shipping_zones" name="test_looks_like_po_box[P.O. Box 45-True]" time="0.000" /><testcase classname="tests.test_shipping_zones" name="test_looks_like_po_box[p o box 9-True]" time="0.000" /><testcase classname="tests.test_shipping_zones" name="test_looks_like_po_box[Post Office Box 1-True]" time="0.000" /><testcase classname="tests.test_shipping_zones" name="test_looks_like_po_box[Postbox 7-True]" time="0.000" /><testcase classname="tests.test_shipping_zones" name="test_looks_like_po_box[221B Baker Street-False]" time="0.000" /><testcase classname="tests.test_shipping_zones" name="test_looks_like_po_box[123 Peachtree Ave, Apt 5-False]" time="0.000" /><testcase classname="tests.test_shipping_zones" name="test_looks_like_po_box[-False]" time="0.000" /><testcase classname="tests.test_shipping_zones" name="test_looks_like_po_box[None-False]" time="0.000" /><testcase classname="tests.test_shipping_zones" name="test_all_active_zones_require_fulfillment_insurance" time="0.000" /><testcase classname="tests.test_shipping_zones" name="test_no_zone_uses_insured_in_transit_field_name" time="0.000" /><testcase classname="tests.test_stripe_hardening" name="test_stripe_env_guard_matrix[test-sk_test_dummy_1234-whsec_test_1234-True-None]" time="0.000" /><testcase classname="tests.test_stripe_hardening" name="test_stripe_env_guard_matrix[live-sk_live_dummy_1234-whsec_live_1234-True-None]" time="0.000" /><testcase classname="tests.test_stripe_hardening" name="test_stripe_env_guard_matrix[test-sk_live_dummy_1234-whsec_test_1234-False-PAYMENT_MODE_MISMATCH]" time="0.000" /><testcase classname="tests.test_stripe_hardening" name="test_stripe_env_guard_matrix[live-sk_test_dummy_1234-whsec_live_1234-False-PAYMENT_MODE_MISMATCH]" time="0.000" /><testcase classname="tests.test_stripe_hardening" name="test_stripe_env_guard_matrix[test--whsec_test_1234-False-PAYMENT_NOT_CONFIGURED]" time="0.000" /><testcase classname="tests.test_stripe_hardening" name="test_stripe_env_guard_matrix[test-sk_test_dummy_1234--False-PAYMENT_NOT_CONFIGURED]" time="0.000" /><testcase classname="tests.test_stripe_hardening" name="test_stripe_env_guard_matrix[test-not_a_real_stripe_key-whsec_test_1-False-PAYMENT_MODE_MISMATCH]" time="0.000" /><testcase classname="tests.test_stripe_hardening" name="test_stripe_env_guard_matrix[test-sk_test_dummy_1234-malformed_secret-False-PAYMENT_MISCONFIGURED]" time="0.000" /><testcase classname="tests.test_stripe_hardening" name="test_stripe_env_guard_matrix[bogus-sk_test_dummy_1234-whsec_test_1234-False-PAYMENT_MISCONFIGURED]" time="0.000" /><testcase classname="tests.test_stripe_hardening" name="test_env_guard_never_leaks_key" time="0.000" /><testcase classname="tests.test_stripe_hardening" name="test_gold_multiplier_inert_in_live_mode" time="0.701" /><testcase classname="tests.test_stripe_hardening" name="test_legacy_stripe_endpoints_are_410" time="0.069" /><testcase classname="tests.test_stripe_hardening" name="test_paid_order_email_never_leaks_stripe_or_card_data" time="0.000" /><testcase classname="tests.test_stripe_hardening" name="test_paid_order_email_shipping_wording_matches_policy" time="0.000" /><testcase classname="tests.test_stripe_hardening" name="test_customer_email_line_item_currency_follows_order_currency_cad" time="0.000" /><testcase classname="tests.test_stripe_hardening" name="test_customer_email_line_item_currency_follows_order_currency_usd" time="0.000" /><testcase classname="tests.test_stripe_hardening" name="test_customer_email_ignores_stale_per_item_currency_field" time="0.000" /><testcase classname="tests.test_stripe_hardening" name="test_internal_notification_line_item_currency_follows_order_currency_cad_and_usd" time="0.000" /><testcase classname="tests.test_stripe_hardening" name="test_customer_email_mobile_heading_stacked_and_responsive" time="0.000" /><testcase classname="tests.test_stripe_hardening" name="test_customer_email_line_item_stacks_on_narrow_mobile" time="0.000" /><testcase classname="tests.test_stripe_hardening" name="test_destination_driven_shipping_in_stripe_session_args" time="0.000" /><testcase classname="tests.test_stripe_hardening" name="test_shipping_zone_rates_are_owner_approved" time="0.000" /><testcase classname="tests.test_stripe_hardening" name="test_paid_order_email_shipping_wording_matches_policy_retained" time="0.000" /><testcase classname="tests.test_stripe_presentment_extractor" name="test_extract_from_session_presentment_details" time="0.000" /><testcase classname="tests.test_stripe_presentment_extractor" name="test_extract_from_payment_intent_when_session_missing" time="0.000" /><testcase classname="tests.test_stripe_presentment_extractor" name="test_extract_falls_back_to_legacy_currency_conversion" time="0.000" /><testcase classname="tests.test_stripe_presentment_extractor" name="test_extract_returns_empty_when_no_presentment_fields" time="0.000" /><testcase classname="tests.test_stripe_presentment_extractor" name="test_build_block_returns_none_when_usd_only" time="0.000" /><testcase classname="tests.test_stripe_presentment_extractor" name="test_build_block_populates_all_fields_for_non_usd" time="0.000" /><testcase classname="tests.test_stripe_presentment_extractor" name="test_orderv2_presentment_optional_fields_defaults_to_none" time="0.000" /><testcase classname="tests.test_stripe_presentment_extractor" name="test_orderv2_presentment_extra_fields_ignored" time="0.000" /><testcase classname="tests.test_true_vine" name="test_all_16_true_vine_combos_valid[foundation__pendant-only-2200]" time="0.429" /><testcase classname="tests.test_true_vine" name="test_all_16_true_vine_combos_valid[foundation__rope-20-2650]" time="0.442" /><testcase classname="tests.test_true_vine" name="test_all_16_true_vine_combos_valid[foundation__rope-22-2750]" time="0.422" /><testcase classname="tests.test_true_vine" name="test_all_16_true_vine_combos_valid[foundation__rope-24-2850]" time="0.426" /><testcase classname="tests.test_true_vine" name="test_all_16_true_vine_combos_valid[signature__pendant-only-4200]" time="1.464" /><testcase classname="tests.test_true_vine" name="test_all_16_true_vine_combos_valid[signature__rope-20-4850]" time="0.467" /><testcase classname="tests.test_true_vine" name="test_all_16_true_vine_combos_valid[signature__rope-22-4950]" time="0.432" /><testcase classname="tests.test_true_vine" name="test_all_16_true_vine_combos_valid[signature__rope-24-5100]" time="0.444" /><testcase classname="tests.test_true_vine" name="test_all_16_true_vine_combos_valid[heirloom__pendant-only-5200]" time="0.446" /><testcase classname="tests.test_true_vine" name="test_all_16_true_vine_combos_valid[heirloom__rope-20-6050]" time="0.429" /><testcase classname="tests.test_true_vine" name="test_all_16_true_vine_combos_valid[heirloom__rope-22-6150]" time="0.417" /><testcase classname="tests.test_true_vine" name="test_all_16_true_vine_combos_valid[heirloom__rope-24-6300]" time="0.432" /><testcase classname="tests.test_true_vine" name="test_all_16_true_vine_combos_valid[collector__pendant-only-6800]" time="0.419" /><testcase classname="tests.test_true_vine" name="test_all_16_true_vine_combos_valid[collector__rope-20-8000]" time="0.431" /><testcase classname="tests.test_true_vine" name="test_all_16_true_vine_combos_valid[collector__rope-22-8150]" time="0.494" /><testcase classname="tests.test_true_vine" name="test_all_16_true_vine_combos_valid[collector__rope-24-8300]" time="0.452" /><testcase classname="tests.test_true_vine" name="test_tampered_signature_rope22_rejected" time="0.440" /><testcase classname="tests.test_true_vine" name="test_heirloom_rope22_server_price" time="0.503" /><testcase classname="tests.test_true_vine" name="test_foundation_pendant_only" time="0.443" /><testcase classname="tests.test_true_vine" name="test_collector_rope24" time="0.467" /><testcase classname="tests.test_veyron_wynette_validate_cart" name="test_validate_cart_veyron_noir_tier[silver-1450]" time="0.439" /><testcase classname="tests.test_veyron_wynette_validate_cart" name="test_validate_cart_veyron_noir_tier[gold10k-3500]" time="0.435" /><testcase classname="tests.test_veyron_wynette_validate_cart" name="test_validate_cart_veyron_noir_tier[gold14k-5000]" time="0.426" /><testcase classname="tests.test_veyron_wynette_validate_cart" name="test_validate_cart_veyron_noir_tier[gold18k-7000]" time="0.421" /><testcase classname="tests.test_veyron_wynette_validate_cart" name="test_validate_cart_battenti_silver_control" time="0.439" /><testcase classname="tests.test_veyron_wynette_validate_cart" name="test_validate_cart_wynette_palette_tier[silver]" time="0.896" /><testcase classname="tests.test_veyron_wynette_validate_cart" name="test_validate_cart_wynette_palette_tier[gold10k]" time="0.870" /><testcase classname="tests.test_veyron_wynette_validate_cart" name="test_validate_cart_wynette_palette_tier[gold14k]" time="0.945" /><testcase classname="tests.test_veyron_wynette_validate_cart" name="test_validate_cart_uncle_jo_tier[silver_ring-1100]" time="0.448" /><testcase classname="tests.test_veyron_wynette_validate_cart" name="test_validate_cart_uncle_jo_tier[silver_cuff-2200]" time="0.444" /><testcase classname="tests.test_veyron_wynette_validate_cart" name="test_validate_cart_uncle_jo_tier[silver_set-3000]" time="0.497" /><testcase classname="tests.test_veyron_wynette_validate_cart" name="test_validate_cart_uncle_jo_tier[gold10k_ring-2800]" time="0.446" /><testcase classname="tests.test_veyron_wynette_validate_cart" name="test_validate_cart_uncle_jo_tier[gold10k_cuff-5500]" time="0.488" /><testcase classname="tests.test_veyron_wynette_validate_cart" name="test_validate_cart_uncle_jo_tier[gold10k_set-7800]" time="0.437" /><testcase classname="tests.test_veyron_wynette_validate_cart" name="test_validate_cart_mixed_cart_veyron_plus_uncle_jo" time="0.751" /><testcase classname="tests.test_veyron_wynette_validate_cart" name="test_validate_cart_rejects_wrong_price" time="0.477" /></testsuite></testsuites>