<?xml version="1.0" encoding="utf-8"?><testsuites name="pytest tests"><testsuite name="pytest" errors="0" failures="0" skipped="0" tests="25" time="9.206" timestamp="2026-09-02T20:35:40.200966+00:00" hostname="agent-env-035d30bb-a2db-4d85-86b9-bfd0b4e5e386"><testcase classname="tests.test_adaptive_pricing_live_integration.TestI18n" name="test_currencies" time="0.238" /><testcase classname="tests.test_adaptive_pricing_live_integration.TestI18n" name="test_rates" time="0.578" /><testcase classname="tests.test_adaptive_pricing_live_integration.TestI18n" name="test_currency_preview[US-USD]" time="0.123" /><testcase classname="tests.test_adaptive_pricing_live_integration.TestI18n" name="test_currency_preview[CA-CAD]" time="0.174" /><testcase classname="tests.test_adaptive_pricing_live_integration.TestI18n" name="test_currency_preview[GB-GBP]" time="0.155" /><testcase classname="tests.test_adaptive_pricing_live_integration.TestI18n" name="test_currency_preview[DE-EUR]" time="0.157" /><testcase classname="tests.test_adaptive_pricing_live_integration.TestI18n" name="test_currency_preview[AU-AUD]" time="0.209" /><testcase classname="tests.test_adaptive_pricing_live_integration.TestI18n" name="test_currency_preview[JP-JPY]" time="0.120" /><testcase classname="tests.test_adaptive_pricing_live_integration.TestI18n" name="test_currency_preview[BR-USD]" time="0.135" /><testcase classname="tests.test_adaptive_pricing_live_integration.TestCheckoutHealth" name="test_health_mode_test" time="0.486" /><testcase classname="tests.test_adaptive_pricing_live_integration.TestStripeSession" name="test_valid_display_currency_creates_session[USD-US]" time="0.708" /><testcase classname="tests.test_adaptive_pricing_live_integration.TestStripeSession" name="test_valid_display_currency_creates_session[CAD-CA]" time="0.643" /><testcase classname="tests.test_adaptive_pricing_live_integration.TestStripeSession" name="test_valid_display_currency_creates_session[GBP-GB]" time="0.633" /><testcase classname="tests.test_adaptive_pricing_live_integration.TestStripeSession" name="test_valid_display_currency_creates_session[EUR-DE]" time="0.594" /><testcase classname="tests.test_adaptive_pricing_live_integration.TestStripeSession" name="test_valid_display_currency_creates_session[AUD-AU]" time="0.630" /><testcase classname="tests.test_adaptive_pricing_live_integration.TestStripeSession" name="test_valid_display_currency_creates_session[JPY-JP]" time="0.635" /><testcase classname="tests.test_adaptive_pricing_live_integration.TestStripeSession" name="test_invalid_display_currency_400" time="0.140" /><testcase classname="tests.test_adaptive_pricing_live_integration.TestStripeSession" name="test_money_injection_rejected_422[fx_rate-0.75]" time="0.534" /><testcase classname="tests.test_adaptive_pricing_live_integration.TestStripeSession" name="test_money_injection_rejected_422[presentment_amount-100000]" time="0.137" /><testcase classname="tests.test_adaptive_pricing_live_integration.TestStripeSession" name="test_money_injection_rejected_422[localized_unit_amount-12345]" time="0.165" /><testcase classname="tests.test_adaptive_pricing_live_integration.TestStripeSession" name="test_money_injection_rejected_422[localized_total-99999]" time="0.142" /><testcase classname="tests.test_adaptive_pricing_live_integration.TestStripeSession" name="test_money_injection_rejected_422[localized_shipping-500]" time="0.142" /><testcase classname="tests.test_adaptive_pricing_live_integration.TestStripeSession" name="test_money_injection_rejected_422[conversion_amount-12345]" time="0.144" /><testcase classname="tests.test_adaptive_pricing_live_integration.TestStripeSession" name="test_omitted_display_currency_backward_compat" time="0.653" /><testcase classname="tests.test_adaptive_pricing_live_integration.TestStripeSession" name="test_canonical_order_stays_usd_with_cad" time="0.873" /></testsuite></testsuites>