<?xml version="1.0" encoding="utf-8"?><testsuites name="pytest tests"><testsuite name="pytest" errors="0" failures="1" skipped="0" tests="17" time="1.865" timestamp="2026-01-23T05:50:17.083802+00:00" hostname="agent-env-5864e06e-e74b-4de4-919c-c9ddd9b14c62"><testcase classname="backend.tests.test_phileon_api.TestHealthAndRoot" name="test_health_check" time="0.082" /><testcase classname="backend.tests.test_phileon_api.TestHealthAndRoot" name="test_root_endpoint" time="0.041" /><testcase classname="backend.tests.test_phileon_api.TestMetalPrices" name="test_metal_prices_returns_all_metals" time="0.043" /><testcase classname="backend.tests.test_phileon_api.TestMetalPrices" name="test_metal_prices_realistic_values" time="0.038" /><testcase classname="backend.tests.test_phileon_api.TestPublicEndpoints" name="test_get_collections" time="0.076" /><testcase classname="backend.tests.test_phileon_api.TestPublicEndpoints" name="test_get_products" time="0.043" /><testcase classname="backend.tests.test_phileon_api.TestPublicEndpoints" name="test_get_products_featured" time="0.036" /><testcase classname="backend.tests.test_phileon_api.TestPublicEndpoints" name="test_get_testimonials" time="0.039" /><testcase classname="backend.tests.test_phileon_api.TestPublicEndpoints" name="test_get_faq" time="0.036" /><testcase classname="backend.tests.test_phileon_api.TestPublicEndpoints" name="test_get_settings" time="0.042" /><testcase classname="backend.tests.test_phileon_api.TestAdminLogin" name="test_admin_login_success" time="0.270" /><testcase classname="backend.tests.test_phileon_api.TestAdminLogin" name="test_admin_login_invalid_credentials" time="0.263" /><testcase classname="backend.tests.test_phileon_api.TestAdminLogin" name="test_admin_protected_endpoint_without_token" time="0.037" /><testcase classname="backend.tests.test_phileon_api.TestAdminLogin" name="test_admin_protected_endpoint_with_token" time="0.298" /><testcase classname="backend.tests.test_phileon_api.TestInquiryCreation" name="test_create_inquiry" time="0.035"><failure message="assert 422 == 200&#10; +  where 422 = &lt;Response [422]&gt;.status_code">backend/tests/test_phileon_api.py:183: in test_create_inquiry
    assert response.status_code == 200
E   assert 422 == 200
E    +  where 422 = &lt;Response [422]&gt;.status_code</failure></testcase><testcase classname="backend.tests.test_phileon_api.TestConsultationCreation" name="test_create_consultation" time="0.046" /><testcase classname="backend.tests.test_phileon_api.TestAdminStats" name="test_admin_stats" time="0.300" /></testsuite></testsuites>