<?xml version="1.0" encoding="utf-8"?><testsuites name="pytest tests"><testsuite name="pytest" errors="0" failures="0" skipped="0" tests="33" time="1.114" timestamp="2026-09-02T20:35:04.550593+00:00" hostname="agent-env-035d30bb-a2db-4d85-86b9-bfd0b4e5e386"><testcase classname="tests.test_fx_display" name="test_snapshot_populates_all_supported_currencies" time="0.001" /><testcase classname="tests.test_fx_display" name="test_snapshot_uses_fresh_cache_within_ttl" time="0.001" /><testcase classname="tests.test_fx_display" name="test_snapshot_serves_stale_when_within_48h" time="0.001" /><testcase classname="tests.test_fx_display" name="test_snapshot_returns_none_when_beyond_48h" time="0.001" /><testcase classname="tests.test_fx_display" name="test_convert_usd_cents_usd_identity" time="0.000" /><testcase classname="tests.test_fx_display" name="test_convert_usd_cents_cad" time="0.000" /><testcase classname="tests.test_fx_display" name="test_convert_usd_cents_jpy_no_minor_units" time="0.000" /><testcase classname="tests.test_fx_display" name="test_convert_usd_cents_unsupported_returns_none" time="0.000" /><testcase classname="tests.test_fx_display" name="test_convert_usd_cents_no_snapshot_returns_none" time="0.000" /><testcase classname="tests.test_i18n_routes" name="test_list_currencies" time="0.342" /><testcase classname="tests.test_i18n_routes" name="test_currency_preview_country_hints" time="0.004" /><testcase classname="tests.test_i18n_routes" name="test_rates_endpoint_returns_shape" time="0.318" /><testcase classname="tests.test_stripe_presentment_extractor" name="test_extract_from_session_presentment_details" time="0.000" /><testcase classname="tests.test_stripe_presentment_extractor" name="test_extract_from_payment_intent_when_session_missing" time="0.000" /><testcase classname="tests.test_stripe_presentment_extractor" name="test_extract_falls_back_to_legacy_currency_conversion" time="0.000" /><testcase classname="tests.test_stripe_presentment_extractor" name="test_extract_returns_empty_when_no_presentment_fields" time="0.000" /><testcase classname="tests.test_stripe_presentment_extractor" name="test_build_block_returns_none_when_usd_only" time="0.000" /><testcase classname="tests.test_stripe_presentment_extractor" name="test_build_block_populates_all_fields_for_non_usd" time="0.000" /><testcase classname="tests.test_stripe_presentment_extractor" name="test_orderv2_presentment_optional_fields_defaults_to_none" time="0.000" /><testcase classname="tests.test_stripe_presentment_extractor" name="test_orderv2_presentment_extra_fields_ignored" time="0.000" /><testcase classname="tests.test_display_currency_trust_boundary" name="test_valid_display_currency_accepted[USD]" time="0.187" /><testcase classname="tests.test_display_currency_trust_boundary" name="test_valid_display_currency_accepted[CAD]" time="0.039" /><testcase classname="tests.test_display_currency_trust_boundary" name="test_valid_display_currency_accepted[GBP]" time="0.039" /><testcase classname="tests.test_display_currency_trust_boundary" name="test_valid_display_currency_accepted[EUR]" time="0.038" /><testcase classname="tests.test_display_currency_trust_boundary" name="test_valid_display_currency_accepted[AUD]" time="0.040" /><testcase classname="tests.test_display_currency_trust_boundary" name="test_valid_display_currency_accepted[JPY]" time="0.039" /><testcase classname="tests.test_display_currency_trust_boundary" name="test_invalid_display_currency_rejected" time="0.006" /><testcase classname="tests.test_display_currency_trust_boundary" name="test_money_injection_attempts_rejected_422[fx_rate-0.75]" time="0.001" /><testcase classname="tests.test_display_currency_trust_boundary" name="test_money_injection_attempts_rejected_422[presentment_amount-100000]" time="0.002" /><testcase classname="tests.test_display_currency_trust_boundary" name="test_money_injection_attempts_rejected_422[localized_unit_amount-12345]" time="0.001" /><testcase classname="tests.test_display_currency_trust_boundary" name="test_money_injection_attempts_rejected_422[localized_total-99999]" time="0.001" /><testcase classname="tests.test_display_currency_trust_boundary" name="test_money_injection_attempts_rejected_422[localized_shipping-500]" time="0.001" /><testcase classname="tests.test_display_currency_trust_boundary" name="test_money_injection_attempts_rejected_422[conversion_amount-12345]" time="0.004" /></testsuite></testsuites>