<?xml version="1.0" encoding="utf-8"?><testsuites name="pytest tests"><testsuite name="pytest" errors="0" failures="0" skipped="0" tests="20" time="2.463" timestamp="2026-05-24T16:51:50.625898+00:00" hostname="agent-env-035d30bb-a2db-4d85-86b9-bfd0b4e5e386"><testcase classname="backend.tests.test_true_vine" name="test_all_16_true_vine_combos_valid[foundation__pendant-only-2200]" time="0.223" /><testcase classname="backend.tests.test_true_vine" name="test_all_16_true_vine_combos_valid[foundation__rope-20-2650]" time="0.113" /><testcase classname="backend.tests.test_true_vine" name="test_all_16_true_vine_combos_valid[foundation__rope-22-2750]" time="0.135" /><testcase classname="backend.tests.test_true_vine" name="test_all_16_true_vine_combos_valid[foundation__rope-24-2850]" time="0.113" /><testcase classname="backend.tests.test_true_vine" name="test_all_16_true_vine_combos_valid[signature__pendant-only-4200]" time="0.116" /><testcase classname="backend.tests.test_true_vine" name="test_all_16_true_vine_combos_valid[signature__rope-20-4850]" time="0.121" /><testcase classname="backend.tests.test_true_vine" name="test_all_16_true_vine_combos_valid[signature__rope-22-4950]" time="0.122" /><testcase classname="backend.tests.test_true_vine" name="test_all_16_true_vine_combos_valid[signature__rope-24-5100]" time="0.104" /><testcase classname="backend.tests.test_true_vine" name="test_all_16_true_vine_combos_valid[heirloom__pendant-only-5200]" time="0.123" /><testcase classname="backend.tests.test_true_vine" name="test_all_16_true_vine_combos_valid[heirloom__rope-20-6050]" time="0.110" /><testcase classname="backend.tests.test_true_vine" name="test_all_16_true_vine_combos_valid[heirloom__rope-22-6150]" time="0.141" /><testcase classname="backend.tests.test_true_vine" name="test_all_16_true_vine_combos_valid[heirloom__rope-24-6300]" time="0.124" /><testcase classname="backend.tests.test_true_vine" name="test_all_16_true_vine_combos_valid[collector__pendant-only-6800]" time="0.105" /><testcase classname="backend.tests.test_true_vine" name="test_all_16_true_vine_combos_valid[collector__rope-20-8000]" time="0.106" /><testcase classname="backend.tests.test_true_vine" name="test_all_16_true_vine_combos_valid[collector__rope-22-8150]" time="0.108" /><testcase classname="backend.tests.test_true_vine" name="test_all_16_true_vine_combos_valid[collector__rope-24-8300]" time="0.098" /><testcase classname="backend.tests.test_true_vine" name="test_tampered_signature_rope22_rejected" time="0.112" /><testcase classname="backend.tests.test_true_vine" name="test_heirloom_rope22_server_price" time="0.105" /><testcase classname="backend.tests.test_true_vine" name="test_foundation_pendant_only" time="0.110" /><testcase classname="backend.tests.test_true_vine" name="test_collector_rope24" time="0.103" /></testsuite></testsuites>