<?xml version="1.0" encoding="utf-8"?><testsuites name="pytest tests"><testsuite name="pytest" errors="0" failures="0" skipped="0" tests="9" time="1.409" timestamp="2026-06-12T04:10:36.089080+00:00" hostname="agent-env-035d30bb-a2db-4d85-86b9-bfd0b4e5e386"><testcase classname="backend.tests.test_veyron_wynette_validate_cart" name="test_validate_cart_veyron_noir_tier[silver-1450]" time="0.205" /><testcase classname="backend.tests.test_veyron_wynette_validate_cart" name="test_validate_cart_veyron_noir_tier[gold10k-3500]" time="0.141" /><testcase classname="backend.tests.test_veyron_wynette_validate_cart" name="test_validate_cart_veyron_noir_tier[gold14k-5000]" time="0.099" /><testcase classname="backend.tests.test_veyron_wynette_validate_cart" name="test_validate_cart_veyron_noir_tier[gold18k-7000]" time="0.105" /><testcase classname="backend.tests.test_veyron_wynette_validate_cart" name="test_validate_cart_battenti_silver_control" time="0.100" /><testcase classname="backend.tests.test_veyron_wynette_validate_cart" name="test_validate_cart_wynette_palette_tier[silver]" time="0.196" /><testcase classname="backend.tests.test_veyron_wynette_validate_cart" name="test_validate_cart_wynette_palette_tier[gold10k]" time="0.204" /><testcase classname="backend.tests.test_veyron_wynette_validate_cart" name="test_validate_cart_wynette_palette_tier[gold14k]" time="0.203" /><testcase classname="backend.tests.test_veyron_wynette_validate_cart" name="test_validate_cart_rejects_wrong_price" time="0.098" /></testsuite></testsuites>